[0.008s] Invoking command in '/home/tom/rslidar_ws/build/rslidar_sdk': AMENT_PREFIX_PATH=/home/tom/rslidar_ws/install/rslidar_msg:${AMENT_PREFIX_PATH} CMAKE_PREFIX_PATH=/home/tom/rslidar_ws/install/rslidar_msg:/opt/ros/eloquent LD_LIBRARY_PATH=/home/tom/rslidar_ws/install/rslidar_msg/lib:/usr/local/lib:/opt/ros/eloquent/opt/yaml_cpp_vendor/lib:/opt/ros/eloquent/opt/rviz_ogre_vendor/lib:/opt/ros/eloquent/lib/x86_64-linux-gnu:/opt/ros/eloquent/lib:/usr/local/cuda-10.0/lib64 PYTHONPATH=/home/tom/rslidar_ws/install/rslidar_msg/lib/python3.6/site-packages:${PYTHONPATH} /usr/local/bin/cmake --build /home/tom/rslidar_ws/build/rslidar_sdk -- -j12 -l12
[0.033s] [100%] Built target rslidar_sdk_node
[0.036s] Invoked command in '/home/tom/rslidar_ws/build/rslidar_sdk' returned '0': AMENT_PREFIX_PATH=/home/tom/rslidar_ws/install/rslidar_msg:${AMENT_PREFIX_PATH} CMAKE_PREFIX_PATH=/home/tom/rslidar_ws/install/rslidar_msg:/opt/ros/eloquent LD_LIBRARY_PATH=/home/tom/rslidar_ws/install/rslidar_msg/lib:/usr/local/lib:/opt/ros/eloquent/opt/yaml_cpp_vendor/lib:/opt/ros/eloquent/opt/rviz_ogre_vendor/lib:/opt/ros/eloquent/lib/x86_64-linux-gnu:/opt/ros/eloquent/lib:/usr/local/cuda-10.0/lib64 PYTHONPATH=/home/tom/rslidar_ws/install/rslidar_msg/lib/python3.6/site-packages:${PYTHONPATH} /usr/local/bin/cmake --build /home/tom/rslidar_ws/build/rslidar_sdk -- -j12 -l12
[0.059s] Invoking command in '/home/tom/rslidar_ws/build/rslidar_sdk': AMENT_PREFIX_PATH=/home/tom/rslidar_ws/install/rslidar_msg:${AMENT_PREFIX_PATH} CMAKE_PREFIX_PATH=/home/tom/rslidar_ws/install/rslidar_msg:/opt/ros/eloquent LD_LIBRARY_PATH=/home/tom/rslidar_ws/install/rslidar_msg/lib:/usr/local/lib:/opt/ros/eloquent/opt/yaml_cpp_vendor/lib:/opt/ros/eloquent/opt/rviz_ogre_vendor/lib:/opt/ros/eloquent/lib/x86_64-linux-gnu:/opt/ros/eloquent/lib:/usr/local/cuda-10.0/lib64 PYTHONPATH=/home/tom/rslidar_ws/install/rslidar_msg/lib/python3.6/site-packages:${PYTHONPATH} /usr/local/bin/cmake --install /home/tom/rslidar_ws/build/rslidar_sdk
[0.064s] -- Install configuration: "RELEASE"
[0.064s] -- Up-to-date: /home/tom/rslidar_ws/install/rslidar_sdk/lib/rslidar_sdk/rslidar_sdk_node
[0.064s] -- Up-to-date: /home/tom/rslidar_ws/install/rslidar_sdk/share/rslidar_sdk/launch
[0.064s] -- Up-to-date: /home/tom/rslidar_ws/install/rslidar_sdk/share/rslidar_sdk/launch/start.launch
[0.064s] -- Up-to-date: /home/tom/rslidar_ws/install/rslidar_sdk/share/rslidar_sdk/launch/start.py
[0.064s] -- Up-to-date: /home/tom/rslidar_ws/install/rslidar_sdk/share/rslidar_sdk/rviz
[0.064s] -- Up-to-date: /home/tom/rslidar_ws/install/rslidar_sdk/share/rslidar_sdk/rviz/rviz2.rviz
[0.065s] -- Up-to-date: /home/tom/rslidar_ws/install/rslidar_sdk/share/rslidar_sdk/rviz/rviz.rviz
[0.065s] -- Up-to-date: /home/tom/rslidar_ws/install/rslidar_sdk/share/ament_index/resource_index/package_run_dependencies/rslidar_sdk
[0.065s] -- Up-to-date: /home/tom/rslidar_ws/install/rslidar_sdk/share/ament_index/resource_index/parent_prefix_path/rslidar_sdk
[0.065s] -- Up-to-date: /home/tom/rslidar_ws/install/rslidar_sdk/share/rslidar_sdk/environment/ament_prefix_path.sh
[0.065s] -- Up-to-date: /home/tom/rslidar_ws/install/rslidar_sdk/share/rslidar_sdk/environment/ament_prefix_path.dsv
[0.065s] -- Up-to-date: /home/tom/rslidar_ws/install/rslidar_sdk/share/rslidar_sdk/environment/path.sh
[0.065s] -- Up-to-date: /home/tom/rslidar_ws/install/rslidar_sdk/share/rslidar_sdk/environment/path.dsv
[0.065s] -- Up-to-date: /home/tom/rslidar_ws/install/rslidar_sdk/share/rslidar_sdk/local_setup.bash
[0.065s] -- Up-to-date: /home/tom/rslidar_ws/install/rslidar_sdk/share/rslidar_sdk/local_setup.sh
[0.065s] -- Up-to-date: /home/tom/rslidar_ws/install/rslidar_sdk/share/rslidar_sdk/local_setup.zsh
[0.066s] -- Up-to-date: /home/tom/rslidar_ws/install/rslidar_sdk/share/rslidar_sdk/local_setup.dsv
[0.066s] -- Installing: /home/tom/rslidar_ws/install/rslidar_sdk/share/rslidar_sdk/package.dsv
[0.066s] -- Up-to-date: /home/tom/rslidar_ws/install/rslidar_sdk/share/ament_index/resource_index/packages/rslidar_sdk
[0.068s] -- Up-to-date: /home/tom/rslidar_ws/install/rslidar_sdk/share/rslidar_sdk/cmake/rslidar_sdkConfig.cmake
[0.068s] -- Up-to-date: /home/tom/rslidar_ws/install/rslidar_sdk/share/rslidar_sdk/cmake/rslidar_sdkConfig-version.cmake
[0.068s] -- Up-to-date: /home/tom/rslidar_ws/install/rslidar_sdk/share/rslidar_sdk/package.xml
[0.068s] Invoked command in '/home/tom/rslidar_ws/build/rslidar_sdk' returned '0': AMENT_PREFIX_PATH=/home/tom/rslidar_ws/install/rslidar_msg:${AMENT_PREFIX_PATH} CMAKE_PREFIX_PATH=/home/tom/rslidar_ws/install/rslidar_msg:/opt/ros/eloquent LD_LIBRARY_PATH=/home/tom/rslidar_ws/install/rslidar_msg/lib:/usr/local/lib:/opt/ros/eloquent/opt/yaml_cpp_vendor/lib:/opt/ros/eloquent/opt/rviz_ogre_vendor/lib:/opt/ros/eloquent/lib/x86_64-linux-gnu:/opt/ros/eloquent/lib:/usr/local/cuda-10.0/lib64 PYTHONPATH=/home/tom/rslidar_ws/install/rslidar_msg/lib/python3.6/site-packages:${PYTHONPATH} /usr/local/bin/cmake --install /home/tom/rslidar_ws/build/rslidar_sdk
