[2.860s] DEBUG:colcon:Command line arguments: ['/usr/bin/colcon', 'build']
[2.860s] DEBUG:colcon:Parsed command line arguments: Namespace(ament_cmake_args=None, base_paths=['.'], build_base='build', catkin_cmake_args=None, catkin_skip_building_tests=False, cmake_args=None, cmake_clean_cache=False, cmake_clean_first=False, cmake_force_configure=False, cmake_target=None, cmake_target_skip_unavailable=False, continue_on_error=False, event_handlers=None, executor='parallel', ignore_user_meta=False, install_base='install', log_base=None, log_level=None, main=<bound method BuildVerb.main of <colcon_core.verb.build.BuildVerb object at 0x7fa3009e3dd8>>, merge_install=False, metas=['./colcon.meta'], packages_above=None, packages_above_and_dependencies=None, packages_above_depth=None, packages_end=None, packages_ignore=None, packages_ignore_regex=None, packages_select=None, packages_select_build_failed=False, packages_select_by_dep=None, packages_select_regex=None, packages_select_test_failures=False, packages_skip=None, packages_skip_build_finished=False, packages_skip_by_dep=None, packages_skip_regex=None, packages_skip_test_passed=False, packages_skip_up_to=None, packages_start=None, packages_up_to=None, packages_up_to_regex=None, parallel_workers=12, paths=None, symlink_install=False, test_result_base=None, verb_extension=<colcon_core.verb.build.BuildVerb object at 0x7fa3009e3dd8>, verb_name='build', verb_parser=<colcon_defaults.argument_parser.defaults.DefaultArgumentsDecorator object at 0x7fa3009f4160>)
[3.079s] Level 1:colcon.colcon_core.package_discovery:discover_packages(colcon_meta) check parameters
[3.079s] Level 1:colcon.colcon_core.package_discovery:discover_packages(recursive) check parameters
[3.079s] Level 1:colcon.colcon_core.package_discovery:discover_packages(ignore) check parameters
[3.079s] Level 1:colcon.colcon_core.package_discovery:discover_packages(path) check parameters
[3.079s] Level 1:colcon.colcon_core.package_discovery:discover_packages(colcon_meta) discover
[3.080s] Level 1:colcon.colcon_core.package_discovery:discover_packages(recursive) discover
[3.080s] INFO:colcon.colcon_core.package_discovery:Crawling recursively for packages in '/home/tom/rslidar_ws'
[3.080s] Level 1:colcon.colcon_core.package_identification:_identify(.) by extensions ['ignore', 'ignore_ament_install']
[3.080s] Level 1:colcon.colcon_core.package_identification:_identify(.) by extension 'ignore'
[3.080s] Level 1:colcon.colcon_core.package_identification:_identify(.) by extension 'ignore_ament_install'
[3.080s] Level 1:colcon.colcon_core.package_identification:_identify(.) by extensions ['colcon_pkg']
[3.080s] Level 1:colcon.colcon_core.package_identification:_identify(.) by extension 'colcon_pkg'
[3.080s] Level 1:colcon.colcon_core.package_identification:_identify(.) by extensions ['colcon_meta']
[3.080s] Level 1:colcon.colcon_core.package_identification:_identify(.) by extension 'colcon_meta'
[3.080s] Level 1:colcon.colcon_core.package_identification:_identify(.) by extensions ['ros']
[3.080s] Level 1:colcon.colcon_core.package_identification:_identify(.) by extension 'ros'
[3.118s] Level 1:colcon.colcon_core.package_identification:_identify(.) by extensions ['cmake', 'python']
[3.118s] Level 1:colcon.colcon_core.package_identification:_identify(.) by extension 'cmake'
[3.118s] Level 1:colcon.colcon_core.package_identification:_identify(.) by extension 'python'
[3.118s] Level 1:colcon.colcon_core.package_identification:_identify(.) by extensions ['python_setup_py']
[3.118s] Level 1:colcon.colcon_core.package_identification:_identify(.) by extension 'python_setup_py'
[3.118s] Level 1:colcon.colcon_core.package_identification:_identify(build) by extensions ['ignore', 'ignore_ament_install']
[3.119s] Level 1:colcon.colcon_core.package_identification:_identify(build) by extension 'ignore'
[3.119s] Level 1:colcon.colcon_core.package_identification:_identify(build) ignored
[3.119s] Level 1:colcon.colcon_core.package_identification:_identify(install) by extensions ['ignore', 'ignore_ament_install']
[3.119s] Level 1:colcon.colcon_core.package_identification:_identify(install) by extension 'ignore'
[3.119s] Level 1:colcon.colcon_core.package_identification:_identify(install) ignored
[3.119s] Level 1:colcon.colcon_core.package_identification:_identify(log) by extensions ['ignore', 'ignore_ament_install']
[3.119s] Level 1:colcon.colcon_core.package_identification:_identify(log) by extension 'ignore'
[3.119s] Level 1:colcon.colcon_core.package_identification:_identify(log) ignored
[3.119s] Level 1:colcon.colcon_core.package_identification:_identify(src) by extensions ['ignore', 'ignore_ament_install']
[3.119s] Level 1:colcon.colcon_core.package_identification:_identify(src) by extension 'ignore'
[3.119s] Level 1:colcon.colcon_core.package_identification:_identify(src) by extension 'ignore_ament_install'
[3.119s] Level 1:colcon.colcon_core.package_identification:_identify(src) by extensions ['colcon_pkg']
[3.120s] Level 1:colcon.colcon_core.package_identification:_identify(src) by extension 'colcon_pkg'
[3.120s] Level 1:colcon.colcon_core.package_identification:_identify(src) by extensions ['colcon_meta']
[3.120s] Level 1:colcon.colcon_core.package_identification:_identify(src) by extension 'colcon_meta'
[3.120s] Level 1:colcon.colcon_core.package_identification:_identify(src) by extensions ['ros']
[3.120s] Level 1:colcon.colcon_core.package_identification:_identify(src) by extension 'ros'
[3.120s] Level 1:colcon.colcon_core.package_identification:_identify(src) by extensions ['cmake', 'python']
[3.120s] Level 1:colcon.colcon_core.package_identification:_identify(src) by extension 'cmake'
[3.120s] Level 1:colcon.colcon_core.package_identification:_identify(src) by extension 'python'
[3.120s] Level 1:colcon.colcon_core.package_identification:_identify(src) by extensions ['python_setup_py']
[3.120s] Level 1:colcon.colcon_core.package_identification:_identify(src) by extension 'python_setup_py'
[3.120s] Level 1:colcon.colcon_core.package_identification:_identify(src/rslidar_msg) by extensions ['ignore', 'ignore_ament_install']
[3.120s] Level 1:colcon.colcon_core.package_identification:_identify(src/rslidar_msg) by extension 'ignore'
[3.120s] Level 1:colcon.colcon_core.package_identification:_identify(src/rslidar_msg) by extension 'ignore_ament_install'
[3.120s] Level 1:colcon.colcon_core.package_identification:_identify(src/rslidar_msg) by extensions ['colcon_pkg']
[3.120s] Level 1:colcon.colcon_core.package_identification:_identify(src/rslidar_msg) by extension 'colcon_pkg'
[3.120s] Level 1:colcon.colcon_core.package_identification:_identify(src/rslidar_msg) by extensions ['colcon_meta']
[3.120s] Level 1:colcon.colcon_core.package_identification:_identify(src/rslidar_msg) by extension 'colcon_meta'
[3.120s] Level 1:colcon.colcon_core.package_identification:_identify(src/rslidar_msg) by extensions ['ros']
[3.120s] Level 1:colcon.colcon_core.package_identification:_identify(src/rslidar_msg) by extension 'ros'
[3.145s] DEBUG:colcon.colcon_core.package_identification:Package 'src/rslidar_msg' with type 'ros.ament_cmake' and name 'rslidar_msg'
[3.145s] Level 1:colcon.colcon_core.package_identification:_identify(src/rslidar_sdk) by extensions ['ignore', 'ignore_ament_install']
[3.145s] Level 1:colcon.colcon_core.package_identification:_identify(src/rslidar_sdk) by extension 'ignore'
[3.145s] Level 1:colcon.colcon_core.package_identification:_identify(src/rslidar_sdk) by extension 'ignore_ament_install'
[3.145s] Level 1:colcon.colcon_core.package_identification:_identify(src/rslidar_sdk) by extensions ['colcon_pkg']
[3.145s] Level 1:colcon.colcon_core.package_identification:_identify(src/rslidar_sdk) by extension 'colcon_pkg'
[3.146s] Level 1:colcon.colcon_core.package_identification:_identify(src/rslidar_sdk) by extensions ['colcon_meta']
[3.146s] Level 1:colcon.colcon_core.package_identification:_identify(src/rslidar_sdk) by extension 'colcon_meta'
[3.146s] Level 1:colcon.colcon_core.package_identification:_identify(src/rslidar_sdk) by extensions ['ros']
[3.146s] Level 1:colcon.colcon_core.package_identification:_identify(src/rslidar_sdk) by extension 'ros'
[3.146s] DEBUG:colcon.colcon_core.package_identification:Package 'src/rslidar_sdk' with type 'ros.ament_cmake' and name 'rslidar_sdk'
[3.146s] Level 1:colcon.colcon_core.package_discovery:discover_packages(recursive) using defaults
[3.146s] Level 1:colcon.colcon_core.package_discovery:discover_packages(ignore) discover
[3.146s] Level 1:colcon.colcon_core.package_discovery:discover_packages(ignore) using defaults
[3.147s] Level 1:colcon.colcon_core.package_discovery:discover_packages(path) discover
[3.147s] Level 1:colcon.colcon_core.package_discovery:discover_packages(path) using defaults
[3.182s] Level 5:colcon.colcon_core.verb:set package 'rslidar_msg' build argument 'cmake_args' from command line to 'None'
[3.182s] Level 5:colcon.colcon_core.verb:set package 'rslidar_msg' build argument 'cmake_target' from command line to 'None'
[3.182s] Level 5:colcon.colcon_core.verb:set package 'rslidar_msg' build argument 'cmake_target_skip_unavailable' from command line to 'False'
[3.182s] Level 5:colcon.colcon_core.verb:set package 'rslidar_msg' build argument 'cmake_clean_cache' from command line to 'False'
[3.182s] Level 5:colcon.colcon_core.verb:set package 'rslidar_msg' build argument 'cmake_clean_first' from command line to 'False'
[3.182s] Level 5:colcon.colcon_core.verb:set package 'rslidar_msg' build argument 'cmake_force_configure' from command line to 'False'
[3.183s] Level 5:colcon.colcon_core.verb:set package 'rslidar_msg' build argument 'ament_cmake_args' from command line to 'None'
[3.183s] Level 5:colcon.colcon_core.verb:set package 'rslidar_msg' build argument 'catkin_cmake_args' from command line to 'None'
[3.183s] Level 5:colcon.colcon_core.verb:set package 'rslidar_msg' build argument 'catkin_skip_building_tests' from command line to 'False'
[3.183s] DEBUG:colcon.colcon_core.verb:Building package 'rslidar_msg' with the following arguments: {'ament_cmake_args': None, 'build_base': '/home/tom/rslidar_ws/build/rslidar_msg', 'catkin_cmake_args': None, 'catkin_skip_building_tests': False, 'cmake_args': None, 'cmake_clean_cache': False, 'cmake_clean_first': False, 'cmake_force_configure': False, 'cmake_target': None, 'cmake_target_skip_unavailable': False, 'install_base': '/home/tom/rslidar_ws/install/rslidar_msg', 'merge_install': False, 'path': '/home/tom/rslidar_ws/src/rslidar_msg', 'symlink_install': False, 'test_result_base': None}
[3.190s] Level 5:colcon.colcon_core.verb:set package 'rslidar_sdk' build argument 'cmake_args' from command line to 'None'
[3.190s] Level 5:colcon.colcon_core.verb:set package 'rslidar_sdk' build argument 'cmake_target' from command line to 'None'
[3.190s] Level 5:colcon.colcon_core.verb:set package 'rslidar_sdk' build argument 'cmake_target_skip_unavailable' from command line to 'False'
[3.190s] Level 5:colcon.colcon_core.verb:set package 'rslidar_sdk' build argument 'cmake_clean_cache' from command line to 'False'
[3.191s] Level 5:colcon.colcon_core.verb:set package 'rslidar_sdk' build argument 'cmake_clean_first' from command line to 'False'
[3.191s] Level 5:colcon.colcon_core.verb:set package 'rslidar_sdk' build argument 'cmake_force_configure' from command line to 'False'
[3.191s] Level 5:colcon.colcon_core.verb:set package 'rslidar_sdk' build argument 'ament_cmake_args' from command line to 'None'
[3.191s] Level 5:colcon.colcon_core.verb:set package 'rslidar_sdk' build argument 'catkin_cmake_args' from command line to 'None'
[3.191s] Level 5:colcon.colcon_core.verb:set package 'rslidar_sdk' build argument 'catkin_skip_building_tests' from command line to 'False'
[3.191s] DEBUG:colcon.colcon_core.verb:Building package 'rslidar_sdk' with the following arguments: {'ament_cmake_args': None, 'build_base': '/home/tom/rslidar_ws/build/rslidar_sdk', 'catkin_cmake_args': None, 'catkin_skip_building_tests': False, 'cmake_args': None, 'cmake_clean_cache': False, 'cmake_clean_first': False, 'cmake_force_configure': False, 'cmake_target': None, 'cmake_target_skip_unavailable': False, 'install_base': '/home/tom/rslidar_ws/install/rslidar_sdk', 'merge_install': False, 'path': '/home/tom/rslidar_ws/src/rslidar_sdk', 'symlink_install': False, 'test_result_base': None}
[3.192s] INFO:colcon.colcon_core.executor:Executing jobs using 'parallel' executor
[3.197s] DEBUG:colcon.colcon_parallel_executor.executor.parallel:run_until_complete
[3.197s] INFO:colcon.colcon_ros.task.ament_cmake.build:Building ROS package in '/home/tom/rslidar_ws/src/rslidar_msg' with build type 'ament_cmake'
[3.291s] INFO:colcon.colcon_core.plugin_system:Skipping extension 'colcon_core.shell.bat': Not used on non-Windows systems
[3.292s] INFO:colcon.colcon_cmake.task.cmake.build:Building CMake package in '/home/tom/rslidar_ws/src/rslidar_msg'
[3.294s] INFO:colcon.colcon_core.shell:Skip shell extension 'powershell' for command environment: Not usable outside of PowerShell
[3.294s] DEBUG:colcon.colcon_core.shell:Skip shell extension 'dsv' for command environment
[3.315s] DEBUG:colcon.colcon_core.shell:Ignoring prefix path '/opt/ros/eloquent'
[3.347s] DEBUG:colcon.colcon_core.event_handler.log_command:Invoking command in '/home/tom/rslidar_ws/build/rslidar_msg': CMAKE_PREFIX_PATH=/opt/ros/eloquent /usr/local/bin/cmake /home/tom/rslidar_ws/src/rslidar_msg -DCMAKE_INSTALL_PREFIX=/home/tom/rslidar_ws/install/rslidar_msg
[10.066s] DEBUG:colcon.colcon_core.event_handler.log_command:Invoked command in '/home/tom/rslidar_ws/build/rslidar_msg' returned '0': CMAKE_PREFIX_PATH=/opt/ros/eloquent /usr/local/bin/cmake /home/tom/rslidar_ws/src/rslidar_msg -DCMAKE_INSTALL_PREFIX=/home/tom/rslidar_ws/install/rslidar_msg
[10.069s] DEBUG:colcon.colcon_core.event_handler.log_command:Invoking command in '/home/tom/rslidar_ws/build/rslidar_msg': CMAKE_PREFIX_PATH=/opt/ros/eloquent /usr/local/bin/cmake --build /home/tom/rslidar_ws/build/rslidar_msg -- -j12 -l12
[14.960s] DEBUG:colcon.colcon_core.event_handler.log_command:Invoked command in '/home/tom/rslidar_ws/build/rslidar_msg' returned '0': CMAKE_PREFIX_PATH=/opt/ros/eloquent /usr/local/bin/cmake --build /home/tom/rslidar_ws/build/rslidar_msg -- -j12 -l12
[15.019s] DEBUG:colcon.colcon_core.event_handler.log_command:Invoking command in '/home/tom/rslidar_ws/build/rslidar_msg': CMAKE_PREFIX_PATH=/opt/ros/eloquent /usr/local/bin/cmake --install /home/tom/rslidar_ws/build/rslidar_msg
[15.077s] Level 1:colcon.colcon_core.environment:create_environment_scripts_only(rslidar_msg)
[15.078s] DEBUG:colcon.colcon_core.event_handler.log_command:Invoked command in '/home/tom/rslidar_ws/build/rslidar_msg' returned '0': CMAKE_PREFIX_PATH=/opt/ros/eloquent /usr/local/bin/cmake --install /home/tom/rslidar_ws/build/rslidar_msg
[15.199s] Level 1:colcon.colcon_core.environment:checking '/home/tom/rslidar_ws/install/rslidar_msg' for CMake module files
[15.202s] Level 1:colcon.colcon_core.environment:checking '/home/tom/rslidar_ws/install/rslidar_msg' for CMake config files
[15.202s] Level 1:colcon.colcon_core.shell:create_environment_hook('rslidar_msg', 'cmake_prefix_path')
[15.205s] INFO:colcon.colcon_core.shell:Creating environment hook '/home/tom/rslidar_ws/install/rslidar_msg/share/rslidar_msg/hook/cmake_prefix_path.ps1'
[15.220s] INFO:colcon.colcon_core.shell:Creating environment descriptor '/home/tom/rslidar_ws/install/rslidar_msg/share/rslidar_msg/hook/cmake_prefix_path.dsv'
[15.231s] INFO:colcon.colcon_core.shell:Creating environment hook '/home/tom/rslidar_ws/install/rslidar_msg/share/rslidar_msg/hook/cmake_prefix_path.sh'
[15.236s] Level 1:colcon.colcon_core.environment:checking '/home/tom/rslidar_ws/install/rslidar_msg/lib'
[15.237s] Level 1:colcon.colcon_core.shell:create_environment_hook('rslidar_msg', 'ld_library_path_lib')
[15.239s] INFO:colcon.colcon_core.shell:Creating environment hook '/home/tom/rslidar_ws/install/rslidar_msg/share/rslidar_msg/hook/ld_library_path_lib.ps1'
[15.241s] INFO:colcon.colcon_core.shell:Creating environment descriptor '/home/tom/rslidar_ws/install/rslidar_msg/share/rslidar_msg/hook/ld_library_path_lib.dsv'
[15.242s] INFO:colcon.colcon_core.shell:Creating environment hook '/home/tom/rslidar_ws/install/rslidar_msg/share/rslidar_msg/hook/ld_library_path_lib.sh'
[15.243s] Level 1:colcon.colcon_core.environment:checking '/home/tom/rslidar_ws/install/rslidar_msg/bin'
[15.244s] Level 1:colcon.colcon_core.environment:checking '/home/tom/rslidar_ws/install/rslidar_msg/lib/pkgconfig/rslidar_msg.pc'
[15.244s] Level 1:colcon.colcon_core.environment:checking '/home/tom/rslidar_ws/install/rslidar_msg/lib/python3.6/site-packages'
[15.244s] Level 1:colcon.colcon_core.shell:create_environment_hook('rslidar_msg', 'pythonpath')
[15.246s] INFO:colcon.colcon_core.shell:Creating environment hook '/home/tom/rslidar_ws/install/rslidar_msg/share/rslidar_msg/hook/pythonpath.ps1'
[15.247s] INFO:colcon.colcon_core.shell:Creating environment descriptor '/home/tom/rslidar_ws/install/rslidar_msg/share/rslidar_msg/hook/pythonpath.dsv'
[15.248s] INFO:colcon.colcon_core.shell:Creating environment hook '/home/tom/rslidar_ws/install/rslidar_msg/share/rslidar_msg/hook/pythonpath.sh'
[15.252s] INFO:colcon.colcon_core.shell:Creating package script '/home/tom/rslidar_ws/install/rslidar_msg/share/rslidar_msg/package.ps1'
[15.256s] INFO:colcon.colcon_core.shell:Creating package descriptor '/home/tom/rslidar_ws/install/rslidar_msg/share/rslidar_msg/package.dsv'
[15.258s] INFO:colcon.colcon_core.shell:Creating package script '/home/tom/rslidar_ws/install/rslidar_msg/share/rslidar_msg/package.sh'
[15.262s] INFO:colcon.colcon_core.shell:Creating package script '/home/tom/rslidar_ws/install/rslidar_msg/share/rslidar_msg/package.bash'
[15.285s] INFO:colcon.colcon_core.shell:Creating package script '/home/tom/rslidar_ws/install/rslidar_msg/share/rslidar_msg/package.zsh'
[15.293s] Level 1:colcon.colcon_core.environment:create_file_with_runtime_dependencies(/home/tom/rslidar_ws/install/rslidar_msg/share/colcon-core/packages/rslidar_msg)
[15.294s] INFO:colcon.colcon_ros.task.ament_cmake.build:Building ROS package in '/home/tom/rslidar_ws/src/rslidar_sdk' with build type 'ament_cmake'
[15.296s] INFO:colcon.colcon_cmake.task.cmake.build:Building CMake package in '/home/tom/rslidar_ws/src/rslidar_sdk'
[15.317s] INFO:colcon.colcon_core.shell:Skip shell extension 'powershell' for command environment: Not usable outside of PowerShell
[15.317s] DEBUG:colcon.colcon_core.shell:Skip shell extension 'dsv' for command environment
[15.319s] DEBUG:colcon.colcon_core.shell:Ignoring prefix path '/opt/ros/eloquent'
[15.332s] DEBUG:colcon.colcon_core.event_handler.log_command:Invoking command in '/home/tom/rslidar_ws/build/rslidar_sdk': AMENT_PREFIX_PATH=/home/tom/rslidar_ws/install/rslidar_msg:${AMENT_PREFIX_PATH} CMAKE_PREFIX_PATH=/home/tom/rslidar_ws/install/rslidar_msg:/opt/ros/eloquent LD_LIBRARY_PATH=/home/tom/rslidar_ws/install/rslidar_msg/lib:/usr/local/lib:/opt/ros/eloquent/opt/yaml_cpp_vendor/lib:/opt/ros/eloquent/opt/rviz_ogre_vendor/lib:/opt/ros/eloquent/lib/x86_64-linux-gnu:/opt/ros/eloquent/lib:/usr/local/cuda-10.0/lib64 PYTHONPATH=/home/tom/rslidar_ws/install/rslidar_msg/lib/python3.6/site-packages:${PYTHONPATH} /usr/local/bin/cmake /home/tom/rslidar_ws/src/rslidar_sdk -DCMAKE_INSTALL_PREFIX=/home/tom/rslidar_ws/install/rslidar_sdk
[18.952s] DEBUG:colcon.colcon_core.event_handler.log_command:Invoked command in '/home/tom/rslidar_ws/build/rslidar_sdk' returned '0': AMENT_PREFIX_PATH=/home/tom/rslidar_ws/install/rslidar_msg:${AMENT_PREFIX_PATH} CMAKE_PREFIX_PATH=/home/tom/rslidar_ws/install/rslidar_msg:/opt/ros/eloquent LD_LIBRARY_PATH=/home/tom/rslidar_ws/install/rslidar_msg/lib:/usr/local/lib:/opt/ros/eloquent/opt/yaml_cpp_vendor/lib:/opt/ros/eloquent/opt/rviz_ogre_vendor/lib:/opt/ros/eloquent/lib/x86_64-linux-gnu:/opt/ros/eloquent/lib:/usr/local/cuda-10.0/lib64 PYTHONPATH=/home/tom/rslidar_ws/install/rslidar_msg/lib/python3.6/site-packages:${PYTHONPATH} /usr/local/bin/cmake /home/tom/rslidar_ws/src/rslidar_sdk -DCMAKE_INSTALL_PREFIX=/home/tom/rslidar_ws/install/rslidar_sdk
[18.954s] DEBUG:colcon.colcon_core.event_handler.log_command:Invoking command in '/home/tom/rslidar_ws/build/rslidar_sdk': AMENT_PREFIX_PATH=/home/tom/rslidar_ws/install/rslidar_msg:${AMENT_PREFIX_PATH} CMAKE_PREFIX_PATH=/home/tom/rslidar_ws/install/rslidar_msg:/opt/ros/eloquent LD_LIBRARY_PATH=/home/tom/rslidar_ws/install/rslidar_msg/lib:/usr/local/lib:/opt/ros/eloquent/opt/yaml_cpp_vendor/lib:/opt/ros/eloquent/opt/rviz_ogre_vendor/lib:/opt/ros/eloquent/lib/x86_64-linux-gnu:/opt/ros/eloquent/lib:/usr/local/cuda-10.0/lib64 PYTHONPATH=/home/tom/rslidar_ws/install/rslidar_msg/lib/python3.6/site-packages:${PYTHONPATH} /usr/local/bin/cmake --build /home/tom/rslidar_ws/build/rslidar_sdk -- -j12 -l12
[50.639s] DEBUG:colcon.colcon_core.event_handler.log_command:Invoked command in '/home/tom/rslidar_ws/build/rslidar_sdk' returned '0': AMENT_PREFIX_PATH=/home/tom/rslidar_ws/install/rslidar_msg:${AMENT_PREFIX_PATH} CMAKE_PREFIX_PATH=/home/tom/rslidar_ws/install/rslidar_msg:/opt/ros/eloquent LD_LIBRARY_PATH=/home/tom/rslidar_ws/install/rslidar_msg/lib:/usr/local/lib:/opt/ros/eloquent/opt/yaml_cpp_vendor/lib:/opt/ros/eloquent/opt/rviz_ogre_vendor/lib:/opt/ros/eloquent/lib/x86_64-linux-gnu:/opt/ros/eloquent/lib:/usr/local/cuda-10.0/lib64 PYTHONPATH=/home/tom/rslidar_ws/install/rslidar_msg/lib/python3.6/site-packages:${PYTHONPATH} /usr/local/bin/cmake --build /home/tom/rslidar_ws/build/rslidar_sdk -- -j12 -l12
[50.661s] DEBUG:colcon.colcon_core.event_handler.log_command:Invoking command in '/home/tom/rslidar_ws/build/rslidar_sdk': AMENT_PREFIX_PATH=/home/tom/rslidar_ws/install/rslidar_msg:${AMENT_PREFIX_PATH} CMAKE_PREFIX_PATH=/home/tom/rslidar_ws/install/rslidar_msg:/opt/ros/eloquent LD_LIBRARY_PATH=/home/tom/rslidar_ws/install/rslidar_msg/lib:/usr/local/lib:/opt/ros/eloquent/opt/yaml_cpp_vendor/lib:/opt/ros/eloquent/opt/rviz_ogre_vendor/lib:/opt/ros/eloquent/lib/x86_64-linux-gnu:/opt/ros/eloquent/lib:/usr/local/cuda-10.0/lib64 PYTHONPATH=/home/tom/rslidar_ws/install/rslidar_msg/lib/python3.6/site-packages:${PYTHONPATH} /usr/local/bin/cmake --install /home/tom/rslidar_ws/build/rslidar_sdk
[50.667s] Level 1:colcon.colcon_core.environment:create_environment_scripts_only(rslidar_sdk)
[50.668s] Level 1:colcon.colcon_core.environment:checking '/home/tom/rslidar_ws/install/rslidar_sdk' for CMake module files
[50.669s] DEBUG:colcon.colcon_core.event_handler.log_command:Invoked command in '/home/tom/rslidar_ws/build/rslidar_sdk' returned '0': AMENT_PREFIX_PATH=/home/tom/rslidar_ws/install/rslidar_msg:${AMENT_PREFIX_PATH} CMAKE_PREFIX_PATH=/home/tom/rslidar_ws/install/rslidar_msg:/opt/ros/eloquent LD_LIBRARY_PATH=/home/tom/rslidar_ws/install/rslidar_msg/lib:/usr/local/lib:/opt/ros/eloquent/opt/yaml_cpp_vendor/lib:/opt/ros/eloquent/opt/rviz_ogre_vendor/lib:/opt/ros/eloquent/lib/x86_64-linux-gnu:/opt/ros/eloquent/lib:/usr/local/cuda-10.0/lib64 PYTHONPATH=/home/tom/rslidar_ws/install/rslidar_msg/lib/python3.6/site-packages:${PYTHONPATH} /usr/local/bin/cmake --install /home/tom/rslidar_ws/build/rslidar_sdk
[50.669s] Level 1:colcon.colcon_core.environment:checking '/home/tom/rslidar_ws/install/rslidar_sdk' for CMake config files
[50.669s] Level 1:colcon.colcon_core.shell:create_environment_hook('rslidar_sdk', 'cmake_prefix_path')
[50.670s] INFO:colcon.colcon_core.shell:Creating environment hook '/home/tom/rslidar_ws/install/rslidar_sdk/share/rslidar_sdk/hook/cmake_prefix_path.ps1'
[50.670s] INFO:colcon.colcon_core.shell:Creating environment descriptor '/home/tom/rslidar_ws/install/rslidar_sdk/share/rslidar_sdk/hook/cmake_prefix_path.dsv'
[50.670s] INFO:colcon.colcon_core.shell:Creating environment hook '/home/tom/rslidar_ws/install/rslidar_sdk/share/rslidar_sdk/hook/cmake_prefix_path.sh'
[50.671s] Level 1:colcon.colcon_core.environment:checking '/home/tom/rslidar_ws/install/rslidar_sdk/lib'
[50.671s] Level 1:colcon.colcon_core.environment:checking '/home/tom/rslidar_ws/install/rslidar_sdk/bin'
[50.671s] Level 1:colcon.colcon_core.environment:checking '/home/tom/rslidar_ws/install/rslidar_sdk/lib/pkgconfig/rslidar_sdk.pc'
[50.671s] Level 1:colcon.colcon_core.environment:checking '/home/tom/rslidar_ws/install/rslidar_sdk/lib/python3.6/site-packages'
[50.672s] INFO:colcon.colcon_core.shell:Creating package script '/home/tom/rslidar_ws/install/rslidar_sdk/share/rslidar_sdk/package.ps1'
[50.672s] INFO:colcon.colcon_core.shell:Creating package descriptor '/home/tom/rslidar_ws/install/rslidar_sdk/share/rslidar_sdk/package.dsv'
[50.672s] INFO:colcon.colcon_core.shell:Creating package script '/home/tom/rslidar_ws/install/rslidar_sdk/share/rslidar_sdk/package.sh'
[50.673s] INFO:colcon.colcon_core.shell:Creating package script '/home/tom/rslidar_ws/install/rslidar_sdk/share/rslidar_sdk/package.bash'
[50.673s] INFO:colcon.colcon_core.shell:Creating package script '/home/tom/rslidar_ws/install/rslidar_sdk/share/rslidar_sdk/package.zsh'
[50.673s] Level 1:colcon.colcon_core.environment:create_file_with_runtime_dependencies(/home/tom/rslidar_ws/install/rslidar_sdk/share/colcon-core/packages/rslidar_sdk)
[50.674s] DEBUG:colcon.colcon_parallel_executor.executor.parallel:closing loop
[50.674s] DEBUG:colcon.colcon_parallel_executor.executor.parallel:loop closed
[50.675s] DEBUG:colcon.colcon_parallel_executor.executor.parallel:run_until_complete finished with '0'
[50.675s] DEBUG:colcon.colcon_core.event_reactor:joining thread
[50.724s] INFO:colcon.colcon_core.plugin_system:Skipping extension 'colcon_notification.desktop_notification.terminal_notifier': Not used on non-Darwin systems
[50.724s] INFO:colcon.colcon_core.plugin_system:Skipping extension 'colcon_notification.desktop_notification.win32': Not used on non-Windows systems
[50.725s] INFO:colcon.colcon_notification.desktop_notification:Sending desktop notification using 'notify2'
[50.730s] DEBUG:colcon.colcon_core.event_reactor:joined thread
[50.732s] INFO:colcon.colcon_core.shell:Creating prefix script '/home/tom/rslidar_ws/install/local_setup.ps1'
[50.744s] INFO:colcon.colcon_core.shell:Creating prefix util module '/home/tom/rslidar_ws/install/_local_setup_util_ps1.py'
[50.757s] INFO:colcon.colcon_core.shell:Creating prefix chain script '/home/tom/rslidar_ws/install/setup.ps1'
[50.776s] INFO:colcon.colcon_core.shell:Creating prefix script '/home/tom/rslidar_ws/install/local_setup.sh'
[50.778s] INFO:colcon.colcon_core.shell:Creating prefix util module '/home/tom/rslidar_ws/install/_local_setup_util_sh.py'
[50.778s] INFO:colcon.colcon_core.shell:Creating prefix chain script '/home/tom/rslidar_ws/install/setup.sh'
[50.783s] INFO:colcon.colcon_core.shell:Creating prefix script '/home/tom/rslidar_ws/install/local_setup.bash'
[50.808s] INFO:colcon.colcon_core.shell:Creating prefix chain script '/home/tom/rslidar_ws/install/setup.bash'
[50.814s] INFO:colcon.colcon_core.shell:Creating prefix script '/home/tom/rslidar_ws/install/local_setup.zsh'
[50.823s] INFO:colcon.colcon_core.shell:Creating prefix chain script '/home/tom/rslidar_ws/install/setup.zsh'
