-- The C compiler identification is GNU 7.5.0
-- The CXX compiler identification is GNU 7.5.0
-- Detecting C compiler ABI info
-- Detecting C compiler ABI info - done
-- Check for working C compiler: /usr/bin/cc - skipped
-- Detecting C compile features
-- Detecting C compile features - done
-- Detecting CXX compiler ABI info
-- Detecting CXX compiler ABI info - done
-- Check for working CXX compiler: /usr/bin/c++ - skipped
-- Detecting CXX compile features
-- Detecting CXX compile features - done
-- Found PythonInterp: /usr/bin/python3 (found suitable version "3.6.9", minimum required is "3") 
-- Using PYTHON_EXECUTABLE: /usr/bin/python3
-- Found rosidl_adapter: 0.8.2 (/opt/ros/eloquent/share/rosidl_adapter/cmake)
-- Found rmw_implementation_cmake: 0.8.1 (/opt/ros/eloquent/share/rmw_implementation_cmake/cmake)
-- Using RMW implementation 'rmw_fastrtps_cpp' as default
-- Looking for pthread.h
-- Looking for pthread.h - found
-- Performing Test CMAKE_HAVE_LIBC_PTHREAD
-- Performing Test CMAKE_HAVE_LIBC_PTHREAD - Failed
-- Looking for pthread_create in pthreads
-- Looking for pthread_create in pthreads - not found
-- Looking for pthread_create in pthread
-- Looking for pthread_create in pthread - found
-- Found Threads: TRUE  
-- Found sensor_msgs: 0.8.1 (/opt/ros/eloquent/share/sensor_msgs/cmake)
-- Found rslidar_msg: 0.0.0 (/home/tom/rslidar_ws/install/rslidar_msg/share/rslidar_msg/cmake)
-- COMPILING /home/tom/rslidar_ws/src/rslidar_sdk/src/msg/proto_msg/Proto_msg.LidarPacket.proto USING /usr/bin/protoc
-- COMPILING /home/tom/rslidar_ws/src/rslidar_sdk/src/msg/proto_msg/Proto_msg.LidarPoints.proto USING /usr/bin/protoc
-- COMPILING /home/tom/rslidar_ws/src/rslidar_sdk/src/msg/proto_msg/Proto_msg.LidarScan.proto USING /usr/bin/protoc
-- Checking for module 'eigen3'
--   Found eigen3, version 3.3.7
-- Found eigen: /usr/local/include/eigen3  
-- Checking for module 'libopenni'
--   Found libopenni, version 1.5.4.0
-- Found openni: /usr/lib/libOpenNI.so  
-- The imported target "vtkRenderingPythonTkWidgets" references the file
   "/usr/lib/x86_64-linux-gnu/libvtkRenderingPythonTkWidgets.so"
but this file does not exist.  Possible reasons include:
* The file was deleted, renamed, or moved to another location.
* An install or uninstall procedure did not complete successfully.
* The installation package was faulty and contained
   "/usr/lib/cmake/vtk-6.3/VTKTargets.cmake"
but not all the files it references.

-- The imported target "vtk" references the file
   "/usr/bin/vtk"
but this file does not exist.  Possible reasons include:
* The file was deleted, renamed, or moved to another location.
* An install or uninstall procedure did not complete successfully.
* The installation package was faulty and contained
   "/usr/lib/cmake/vtk-6.3/VTKTargets.cmake"
but not all the files it references.

-- Found libusb-1.0: /usr/include  
-- Checking for module 'flann'
--   Found flann, version 1.9.1
-- Found Flann: /usr/lib/x86_64-linux-gnu/libflann_cpp_s.a  
-- Found qhull: /usr/lib/x86_64-linux-gnu/libqhull.so  
-- Found PCL_COMMON: /usr/lib/x86_64-linux-gnu/libpcl_common.so  
-- Found PCL_OCTREE: /usr/lib/x86_64-linux-gnu/libpcl_octree.so  
-- Found PCL_IO: /usr/lib/x86_64-linux-gnu/libpcl_io.so  
-- Found PCL_KDTREE: /usr/lib/x86_64-linux-gnu/libpcl_kdtree.so  
-- Found PCL_SEARCH: /usr/lib/x86_64-linux-gnu/libpcl_search.so  
-- Found PCL_SAMPLE_CONSENSUS: /usr/lib/x86_64-linux-gnu/libpcl_sample_consensus.so  
-- Found PCL_FILTERS: /usr/lib/x86_64-linux-gnu/libpcl_filters.so  
-- Found PCL_2D: /usr/include/pcl-1.8  
-- Found PCL_GEOMETRY: /usr/include/pcl-1.8  
-- Found PCL_FEATURES: /usr/lib/x86_64-linux-gnu/libpcl_features.so  
-- Found PCL_ML: /usr/lib/x86_64-linux-gnu/libpcl_ml.so  
-- Found PCL_SEGMENTATION: /usr/lib/x86_64-linux-gnu/libpcl_segmentation.so  
-- Found PCL_VISUALIZATION: /usr/lib/x86_64-linux-gnu/libpcl_visualization.so  
-- Found PCL_SURFACE: /usr/lib/x86_64-linux-gnu/libpcl_surface.so  
-- Found PCL_REGISTRATION: /usr/lib/x86_64-linux-gnu/libpcl_registration.so  
-- Found PCL_KEYPOINTS: /usr/lib/x86_64-linux-gnu/libpcl_keypoints.so  
-- Found PCL_TRACKING: /usr/lib/x86_64-linux-gnu/libpcl_tracking.so  
-- Found PCL_RECOGNITION: /usr/lib/x86_64-linux-gnu/libpcl_recognition.so  
-- Found PCL_STEREO: /usr/lib/x86_64-linux-gnu/libpcl_stereo.so  
-- Found PCL_APPS: /usr/lib/x86_64-linux-gnu/libpcl_apps.so  
-- Found PCL_IN_HAND_SCANNER: /usr/include/pcl-1.8  
-- Found PCL_MODELER: /usr/include/pcl-1.8  
-- Found PCL_POINT_CLOUD_EDITOR: /usr/include/pcl-1.8  
-- Found PCL_OUTOFCORE: /usr/lib/x86_64-linux-gnu/libpcl_outofcore.so  
-- Found PCL_PEOPLE: /usr/lib/x86_64-linux-gnu/libpcl_people.so  
-- Configuring done
-- Generating done
-- Build files have been written to: /home/tom/rslidar_ws/build/rslidar_sdk
[35m[1mScanning dependencies of target rslidar_sdk_node[0m
[ 20%] [32mBuilding CXX object CMakeFiles/rslidar_sdk_node.dir/node/rslidar_sdk_node.cpp.o[0m
[ 40%] [32mBuilding CXX object CMakeFiles/rslidar_sdk_node.dir/src/msg/proto_msg/Proto_msg.LidarPoints.pb.cc.o[0m
[ 60%] [32mBuilding CXX object CMakeFiles/rslidar_sdk_node.dir/src/msg/proto_msg/Proto_msg.LidarScan.pb.cc.o[0m
[ 80%] [32mBuilding CXX object CMakeFiles/rslidar_sdk_node.dir/src/msg/proto_msg/Proto_msg.LidarPacket.pb.cc.o[0m
[100%] [32m[1mLinking CXX executable rslidar_sdk_node[0m
[100%] Built target rslidar_sdk_node
-- Install configuration: "RELEASE"
-- Installing: /home/tom/rslidar_ws/install/rslidar_sdk/lib/rslidar_sdk/rslidar_sdk_node
-- Set runtime path of "/home/tom/rslidar_ws/install/rslidar_sdk/lib/rslidar_sdk/rslidar_sdk_node" to ""
-- Installing: /home/tom/rslidar_ws/install/rslidar_sdk/share/rslidar_sdk/launch
-- Installing: /home/tom/rslidar_ws/install/rslidar_sdk/share/rslidar_sdk/launch/start.launch
-- Installing: /home/tom/rslidar_ws/install/rslidar_sdk/share/rslidar_sdk/launch/start.py
-- Installing: /home/tom/rslidar_ws/install/rslidar_sdk/share/rslidar_sdk/rviz
-- Installing: /home/tom/rslidar_ws/install/rslidar_sdk/share/rslidar_sdk/rviz/rviz2.rviz
-- Installing: /home/tom/rslidar_ws/install/rslidar_sdk/share/rslidar_sdk/rviz/rviz.rviz
-- Installing: /home/tom/rslidar_ws/install/rslidar_sdk/share/ament_index/resource_index/package_run_dependencies/rslidar_sdk
-- Installing: /home/tom/rslidar_ws/install/rslidar_sdk/share/ament_index/resource_index/parent_prefix_path/rslidar_sdk
-- Installing: /home/tom/rslidar_ws/install/rslidar_sdk/share/rslidar_sdk/environment/ament_prefix_path.sh
-- Installing: /home/tom/rslidar_ws/install/rslidar_sdk/share/rslidar_sdk/environment/ament_prefix_path.dsv
-- Installing: /home/tom/rslidar_ws/install/rslidar_sdk/share/rslidar_sdk/environment/path.sh
-- Installing: /home/tom/rslidar_ws/install/rslidar_sdk/share/rslidar_sdk/environment/path.dsv
-- Installing: /home/tom/rslidar_ws/install/rslidar_sdk/share/rslidar_sdk/local_setup.bash
-- Installing: /home/tom/rslidar_ws/install/rslidar_sdk/share/rslidar_sdk/local_setup.sh
-- Installing: /home/tom/rslidar_ws/install/rslidar_sdk/share/rslidar_sdk/local_setup.zsh
-- Installing: /home/tom/rslidar_ws/install/rslidar_sdk/share/rslidar_sdk/local_setup.dsv
-- Installing: /home/tom/rslidar_ws/install/rslidar_sdk/share/rslidar_sdk/package.dsv
-- Installing: /home/tom/rslidar_ws/install/rslidar_sdk/share/ament_index/resource_index/packages/rslidar_sdk
-- Installing: /home/tom/rslidar_ws/install/rslidar_sdk/share/rslidar_sdk/cmake/rslidar_sdkConfig.cmake
-- Installing: /home/tom/rslidar_ws/install/rslidar_sdk/share/rslidar_sdk/cmake/rslidar_sdkConfig-version.cmake
-- Installing: /home/tom/rslidar_ws/install/rslidar_sdk/share/rslidar_sdk/package.xml
