[0.148s] Invoking command in '/home/tom/rslidar_ws/build/rslidar_msg': CMAKE_PREFIX_PATH=/opt/ros/eloquent /usr/local/bin/cmake /home/tom/rslidar_ws/src/rslidar_msg -DCMAKE_INSTALL_PREFIX=/home/tom/rslidar_ws/install/rslidar_msg
[1.627s] -- The C compiler identification is GNU 7.5.0
[2.629s] -- The CXX compiler identification is GNU 7.5.0
[2.795s] -- Detecting C compiler ABI info
[3.007s] -- Detecting C compiler ABI info - done
[3.016s] -- Check for working C compiler: /usr/bin/cc - skipped
[3.035s] -- Detecting C compile features
[3.035s] -- Detecting C compile features - done
[3.043s] -- Detecting CXX compiler ABI info
[3.127s] -- Detecting CXX compiler ABI info - done
[3.137s] -- Check for working CXX compiler: /usr/bin/c++ - skipped
[3.137s] -- Detecting CXX compile features
[3.138s] -- Detecting CXX compile features - done
[3.212s] -- Found ament_cmake: 0.8.2 (/opt/ros/eloquent/share/ament_cmake/cmake)
[3.328s] -- Found PythonInterp: /usr/bin/python3 (found suitable version "3.6.9", minimum required is "3") 
[3.328s] -- Using PYTHON_EXECUTABLE: /usr/bin/python3
[3.606s] -- Found std_msgs: 0.8.1 (/opt/ros/eloquent/share/std_msgs/cmake)
[3.772s] -- Found rosidl_adapter: 0.8.2 (/opt/ros/eloquent/share/rosidl_adapter/cmake)
[4.019s] -- Found rclcpp: 0.8.4 (/opt/ros/eloquent/share/rclcpp/cmake)
[4.125s] -- Found rmw_implementation_cmake: 0.8.1 (/opt/ros/eloquent/share/rmw_implementation_cmake/cmake)
[4.149s] -- Using RMW implementation 'rmw_fastrtps_cpp' as default
[4.178s] -- Looking for pthread.h
[4.415s] -- Looking for pthread.h - found
[4.415s] -- Performing Test CMAKE_HAVE_LIBC_PTHREAD
[4.492s] -- Performing Test CMAKE_HAVE_LIBC_PTHREAD - Failed
[4.492s] -- Looking for pthread_create in pthreads
[4.551s] -- Looking for pthread_create in pthreads - not found
[4.551s] -- Looking for pthread_create in pthread
[4.644s] -- Looking for pthread_create in pthread - found
[4.646s] -- Found Threads: TRUE  
[4.859s] -- Found rosidl_default_generators: 0.8.0 (/opt/ros/eloquent/share/rosidl_default_generators/cmake)
[5.352s] -- Found OpenSSL: /usr/lib/x86_64-linux-gnu/libcrypto.so (found version "1.1.1")  
[5.396s] -- Found FastRTPS: /opt/ros/eloquent/include  
[5.513s] -- Found PythonInterp: /usr/bin/python3 (found version "3.6.9") 
[5.758s] -- Using single matching rosidl_typesupport_c: rosidl_typesupport_fastrtps_c
[5.778s] -- Using single matching rosidl_typesupport_cpp: rosidl_typesupport_fastrtps_cpp
[5.940s] -- Found PythonInterp: /usr/bin/python3 (found suitable version "3.6.9", minimum required is "3.5") 
[5.945s] -- Found python_cmake_module: 0.8.0 (/opt/ros/eloquent/share/python_cmake_module/cmake)
[6.053s] -- Found PythonLibs: /usr/lib/x86_64-linux-gnu/libpython3.6m.so (found suitable version "3.6.9", minimum required is "3.5") 
[6.054s] -- Using PYTHON_EXECUTABLE: /usr/bin/python3
[6.055s] -- Using PYTHON_INCLUDE_DIRS: /usr/include/python3.6m
[6.055s] -- Using PYTHON_LIBRARIES: /usr/lib/x86_64-linux-gnu/libpython3.6m.so
[6.109s] -- Found PythonExtra: .so  
[6.313s] -- Found ament_lint_auto: 0.8.1 (/opt/ros/eloquent/share/ament_lint_auto/cmake)
[6.526s] -- Added test 'lint_cmake' to check CMake code style
[6.530s] -- Added test 'xmllint' to check XML markup files
[6.540s] -- Configuring done
[6.861s] -- Generating done
[6.862s] -- Build files have been written to: /home/tom/rslidar_ws/build/rslidar_msg
[6.867s] Invoked command in '/home/tom/rslidar_ws/build/rslidar_msg' returned '0': CMAKE_PREFIX_PATH=/opt/ros/eloquent /usr/local/bin/cmake /home/tom/rslidar_ws/src/rslidar_msg -DCMAKE_INSTALL_PREFIX=/home/tom/rslidar_ws/install/rslidar_msg
[6.870s] Invoking command in '/home/tom/rslidar_ws/build/rslidar_msg': CMAKE_PREFIX_PATH=/opt/ros/eloquent /usr/local/bin/cmake --build /home/tom/rslidar_ws/build/rslidar_msg -- -j12 -l12
[6.885s] [35m[1mScanning dependencies of target rslidar_msg__cpp[0m
[6.886s] [  2%] [34m[1mGenerating C code for ROS interfaces[0m
[6.889s] [  5%] [34m[1mGenerating C++ code for ROS interfaces[0m
[7.237s] [  5%] Built target rslidar_msg__cpp
[7.241s] [  8%] [34m[1mGenerating C++ type support for eProsima Fast-RTPS[0m
[7.241s] [ 10%] [34m[1mGenerating C++ introspection for ROS interfaces[0m
[7.263s] [35m[1mScanning dependencies of target rslidar_msg__rosidl_generator_c[0m
[7.377s] [ 16%] [32mBuilding C object CMakeFiles/rslidar_msg__rosidl_generator_c.dir/rosidl_generator_c/rslidar_msg/msg/rslidar_scan__functions.c.o[0m
[7.377s] [ 16%] [32mBuilding C object CMakeFiles/rslidar_msg__rosidl_generator_c.dir/rosidl_generator_c/rslidar_msg/msg/rslidar_packet__functions.c.o[0m
[7.514s] [ 18%] [32m[1mLinking C shared library librslidar_msg__rosidl_generator_c.so[0m
[7.521s] [35m[1mScanning dependencies of target rslidar_msg__rosidl_typesupport_introspection_cpp[0m
[7.546s] [35m[1mScanning dependencies of target rslidar_msg__rosidl_typesupport_fastrtps_cpp[0m
[7.601s] [ 18%] Built target rslidar_msg__rosidl_generator_c
[7.606s] [ 21%] [34m[1mGenerating C introspection for ROS interfaces[0m
[7.614s] [ 24%] [32mBuilding CXX object CMakeFiles/rslidar_msg__rosidl_typesupport_introspection_cpp.dir/rosidl_typesupport_introspection_cpp/rslidar_msg/msg/rslidar_packet__type_support.cpp.o[0m
[7.616s] [ 27%] [32mBuilding CXX object CMakeFiles/rslidar_msg__rosidl_typesupport_introspection_cpp.dir/rosidl_typesupport_introspection_cpp/rslidar_msg/msg/rslidar_scan__type_support.cpp.o[0m
[7.624s] [ 29%] [32mBuilding CXX object CMakeFiles/rslidar_msg__rosidl_typesupport_fastrtps_cpp.dir/rosidl_typesupport_fastrtps_cpp/rslidar_msg/msg/dds_fastrtps/rslidar_scan__type_support.cpp.o[0m
[7.624s] [ 32%] [32mBuilding CXX object CMakeFiles/rslidar_msg__rosidl_typesupport_fastrtps_cpp.dir/rosidl_typesupport_fastrtps_cpp/rslidar_msg/msg/dds_fastrtps/rslidar_packet__type_support.cpp.o[0m
[7.869s] [35m[1mScanning dependencies of target rslidar_msg__rosidl_typesupport_introspection_c[0m
[8.006s] [ 35%] [32mBuilding C object CMakeFiles/rslidar_msg__rosidl_typesupport_introspection_c.dir/rosidl_typesupport_introspection_c/rslidar_msg/msg/rslidar_packet__type_support.c.o[0m
[8.006s] [ 37%] [32mBuilding C object CMakeFiles/rslidar_msg__rosidl_typesupport_introspection_c.dir/rosidl_typesupport_introspection_c/rslidar_msg/msg/rslidar_scan__type_support.c.o[0m
[8.061s] [ 40%] [32m[1mLinking C shared library librslidar_msg__rosidl_typesupport_introspection_c.so[0m
[8.078s] [ 40%] Built target rslidar_msg__rosidl_typesupport_introspection_c
[8.429s] [ 43%] [32m[1mLinking CXX shared library librslidar_msg__rosidl_typesupport_introspection_cpp.so[0m
[8.482s] [ 43%] Built target rslidar_msg__rosidl_typesupport_introspection_cpp
[8.505s] [ 45%] [32m[1mLinking CXX shared library librslidar_msg__rosidl_typesupport_fastrtps_cpp.so[0m
[8.666s] [ 45%] Built target rslidar_msg__rosidl_typesupport_fastrtps_cpp
[8.670s] [ 51%] [34m[1mGenerating C++ type support dispatch for ROS interfaces[0m
[8.670s] [ 51%] [34m[1mGenerating C type support for eProsima Fast-RTPS[0m
[8.913s] [35m[1mScanning dependencies of target rslidar_msg__rosidl_typesupport_cpp[0m
[8.919s] [ 56%] [32mBuilding CXX object CMakeFiles/rslidar_msg__rosidl_typesupport_cpp.dir/rosidl_typesupport_cpp/rslidar_msg/msg/rslidar_packet__type_support.cpp.o[0m
[8.919s] [ 56%] [32mBuilding CXX object CMakeFiles/rslidar_msg__rosidl_typesupport_cpp.dir/rosidl_typesupport_cpp/rslidar_msg/msg/rslidar_scan__type_support.cpp.o[0m
[8.941s] [35m[1mScanning dependencies of target rslidar_msg__rosidl_typesupport_fastrtps_c[0m
[8.972s] [ 62%] [32mBuilding CXX object CMakeFiles/rslidar_msg__rosidl_typesupport_fastrtps_c.dir/rosidl_typesupport_fastrtps_c/rslidar_msg/msg/rslidar_packet__type_support_c.cpp.o[0m
[8.972s] [ 62%] [32mBuilding CXX object CMakeFiles/rslidar_msg__rosidl_typesupport_fastrtps_c.dir/rosidl_typesupport_fastrtps_c/rslidar_msg/msg/rslidar_scan__type_support_c.cpp.o[0m
[9.197s] [ 64%] [32m[1mLinking CXX shared library librslidar_msg__rosidl_typesupport_cpp.so[0m
[9.226s] [ 67%] [32m[1mLinking CXX shared library librslidar_msg__rosidl_typesupport_fastrtps_c.so[0m
[9.258s] [ 67%] Built target rslidar_msg__rosidl_typesupport_cpp
[9.288s] [ 67%] Built target rslidar_msg__rosidl_typesupport_fastrtps_c
[9.292s] [ 70%] [34m[1mGenerating C type support dispatch for ROS interfaces[0m
[9.499s] [35m[1mScanning dependencies of target rslidar_msg__rosidl_typesupport_c[0m
[9.523s] [ 75%] [32mBuilding CXX object CMakeFiles/rslidar_msg__rosidl_typesupport_c.dir/rosidl_typesupport_c/rslidar_msg/msg/rslidar_scan__type_support.cpp.o[0m
[9.523s] [ 75%] [32mBuilding CXX object CMakeFiles/rslidar_msg__rosidl_typesupport_c.dir/rosidl_typesupport_c/rslidar_msg/msg/rslidar_packet__type_support.cpp.o[0m
[9.542s] [ 78%] [32m[1mLinking CXX shared library librslidar_msg__rosidl_typesupport_c.so[0m
[9.581s] [ 78%] Built target rslidar_msg__rosidl_typesupport_c
[9.584s] [35m[1mScanning dependencies of target rslidar_msg[0m
[9.588s] [ 78%] Built target rslidar_msg
[9.592s] [35m[1mScanning dependencies of target rslidar_msg__py[0m
[9.596s] [ 81%] [34m[1mGenerating Python code for ROS interfaces[0m
[11.123s] [ 81%] Built target rslidar_msg__py
[11.127s] [35m[1mScanning dependencies of target rslidar_msg__python[0m
[11.274s] [ 86%] [32mBuilding C object CMakeFiles/rslidar_msg__python.dir/rosidl_generator_py/rslidar_msg/msg/_rslidar_scan_s.c.o[0m
[11.275s] [ 86%] [32mBuilding C object CMakeFiles/rslidar_msg__python.dir/rosidl_generator_py/rslidar_msg/msg/_rslidar_packet_s.c.o[0m
[11.530s] [ 89%] [32m[1mLinking CXX shared library rosidl_generator_py/rslidar_msg/librslidar_msg__python.so[0m
[11.578s] [ 89%] Built target rslidar_msg__python
[11.582s] [35m[1mScanning dependencies of target rslidar_msg__rosidl_typesupport_fastrtps_c__pyext[0m
[11.582s] [35m[1mScanning dependencies of target rslidar_msg__rosidl_typesupport_c__pyext[0m
[11.644s] [ 94%] [32mBuilding C object CMakeFiles/rslidar_msg__rosidl_typesupport_fastrtps_c__pyext.dir/rosidl_generator_py/rslidar_msg/_rslidar_msg_s.ep.rosidl_typesupport_fastrtps_c.c.o[0m
[11.644s] [ 94%] [32mBuilding C object CMakeFiles/rslidar_msg__rosidl_typesupport_c__pyext.dir/rosidl_generator_py/rslidar_msg/_rslidar_msg_s.ep.rosidl_typesupport_c.c.o[0m
[11.705s] [ 97%] [32m[1mLinking CXX shared library rosidl_generator_py/rslidar_msg/rslidar_msg_s__rosidl_typesupport_c.cpython-36m-x86_64-linux-gnu.so[0m
[11.707s] [100%] [32m[1mLinking CXX shared library rosidl_generator_py/rslidar_msg/rslidar_msg_s__rosidl_typesupport_fastrtps_c.cpython-36m-x86_64-linux-gnu.so[0m
[11.756s] [100%] Built target rslidar_msg__rosidl_typesupport_c__pyext
[11.758s] [100%] Built target rslidar_msg__rosidl_typesupport_fastrtps_c__pyext
[11.761s] Invoked command in '/home/tom/rslidar_ws/build/rslidar_msg' returned '0': CMAKE_PREFIX_PATH=/opt/ros/eloquent /usr/local/bin/cmake --build /home/tom/rslidar_ws/build/rslidar_msg -- -j12 -l12
[11.820s] Invoking command in '/home/tom/rslidar_ws/build/rslidar_msg': CMAKE_PREFIX_PATH=/opt/ros/eloquent /usr/local/bin/cmake --install /home/tom/rslidar_ws/build/rslidar_msg
[11.823s] -- Install configuration: ""
[11.823s] -- Installing: /home/tom/rslidar_ws/install/rslidar_msg/share/ament_index/resource_index/rosidl_interfaces/rslidar_msg
[11.823s] -- Installing: /home/tom/rslidar_ws/install/rslidar_msg/include/rslidar_msg
[11.823s] -- Installing: /home/tom/rslidar_ws/install/rslidar_msg/include/rslidar_msg/msg
[11.823s] -- Installing: /home/tom/rslidar_ws/install/rslidar_msg/include/rslidar_msg/msg/rslidar_packet__struct.hpp
[11.823s] -- Installing: /home/tom/rslidar_ws/install/rslidar_msg/include/rslidar_msg/msg/rslidar_packet__traits.hpp
[11.823s] -- Installing: /home/tom/rslidar_ws/install/rslidar_msg/include/rslidar_msg/msg/rslidar_scan__struct.hpp
[11.824s] -- Installing: /home/tom/rslidar_ws/install/rslidar_msg/include/rslidar_msg/msg/rslidar_scan__traits.hpp
[11.824s] -- Installing: /home/tom/rslidar_ws/install/rslidar_msg/include/rslidar_msg/msg/rslidar_packet.hpp
[11.824s] -- Installing: /home/tom/rslidar_ws/install/rslidar_msg/include/rslidar_msg/msg/rslidar_scan.hpp
[11.824s] -- Up-to-date: /home/tom/rslidar_ws/install/rslidar_msg/include/rslidar_msg
[11.824s] -- Up-to-date: /home/tom/rslidar_ws/install/rslidar_msg/include/rslidar_msg/msg
[11.824s] -- Installing: /home/tom/rslidar_ws/install/rslidar_msg/include/rslidar_msg/msg/rslidar_packet__type_support.h
[11.824s] -- Installing: /home/tom/rslidar_ws/install/rslidar_msg/include/rslidar_msg/msg/rslidar_scan__functions.h
[11.824s] -- Installing: /home/tom/rslidar_ws/install/rslidar_msg/include/rslidar_msg/msg/rslidar_scan__struct.h
[11.824s] -- Installing: /home/tom/rslidar_ws/install/rslidar_msg/include/rslidar_msg/msg/rslidar_packet__functions.c
[11.824s] -- Installing: /home/tom/rslidar_ws/install/rslidar_msg/include/rslidar_msg/msg/rslidar_scan__functions.c
[11.824s] -- Installing: /home/tom/rslidar_ws/install/rslidar_msg/include/rslidar_msg/msg/rslidar_packet.h
[11.824s] -- Installing: /home/tom/rslidar_ws/install/rslidar_msg/include/rslidar_msg/msg/rslidar_scan__type_support.h
[11.824s] -- Installing: /home/tom/rslidar_ws/install/rslidar_msg/include/rslidar_msg/msg/rslidar_packet__struct.h
[11.824s] -- Installing: /home/tom/rslidar_ws/install/rslidar_msg/include/rslidar_msg/msg/rslidar_scan.h
[11.825s] -- Installing: /home/tom/rslidar_ws/install/rslidar_msg/include/rslidar_msg/msg/rslidar_packet__functions.h
[11.825s] -- Installing: /home/tom/rslidar_ws/install/rslidar_msg/include/rslidar_msg/msg/rosidl_generator_c__visibility_control.h
[11.825s] -- Installing: /home/tom/rslidar_ws/install/rslidar_msg/share/rslidar_msg/environment/library_path.sh
[11.825s] -- Installing: /home/tom/rslidar_ws/install/rslidar_msg/share/rslidar_msg/environment/library_path.dsv
[11.825s] -- Installing: /home/tom/rslidar_ws/install/rslidar_msg/lib/librslidar_msg__rosidl_generator_c.so
[11.825s] -- Set runtime path of "/home/tom/rslidar_ws/install/rslidar_msg/lib/librslidar_msg__rosidl_generator_c.so" to ""
[11.825s] -- Installing: /home/tom/rslidar_ws/install/rslidar_msg/lib/librslidar_msg__rosidl_typesupport_c.so
[11.825s] -- Set runtime path of "/home/tom/rslidar_ws/install/rslidar_msg/lib/librslidar_msg__rosidl_typesupport_c.so" to ""
[11.825s] -- Installing: /home/tom/rslidar_ws/install/rslidar_msg/lib/librslidar_msg__rosidl_typesupport_cpp.so
[11.825s] -- Set runtime path of "/home/tom/rslidar_ws/install/rslidar_msg/lib/librslidar_msg__rosidl_typesupport_cpp.so" to ""
[11.826s] -- Up-to-date: /home/tom/rslidar_ws/install/rslidar_msg/include/rslidar_msg
[11.826s] -- Up-to-date: /home/tom/rslidar_ws/install/rslidar_msg/include/rslidar_msg/msg
[11.826s] -- Installing: /home/tom/rslidar_ws/install/rslidar_msg/include/rslidar_msg/msg/rslidar_packet__type_support.c
[11.826s] -- Installing: /home/tom/rslidar_ws/install/rslidar_msg/include/rslidar_msg/msg/rslidar_packet__rosidl_typesupport_introspection_c.h
[11.826s] -- Installing: /home/tom/rslidar_ws/install/rslidar_msg/include/rslidar_msg/msg/rosidl_typesupport_introspection_c__visibility_control.h
[11.826s] -- Installing: /home/tom/rslidar_ws/install/rslidar_msg/include/rslidar_msg/msg/rslidar_scan__type_support.c
[11.826s] -- Installing: /home/tom/rslidar_ws/install/rslidar_msg/include/rslidar_msg/msg/rslidar_scan__rosidl_typesupport_introspection_c.h
[11.826s] -- Installing: /home/tom/rslidar_ws/install/rslidar_msg/lib/librslidar_msg__rosidl_typesupport_introspection_c.so
[11.826s] -- Set runtime path of "/home/tom/rslidar_ws/install/rslidar_msg/lib/librslidar_msg__rosidl_typesupport_introspection_c.so" to ""
[11.826s] -- Up-to-date: /home/tom/rslidar_ws/install/rslidar_msg/include/rslidar_msg
[11.826s] -- Up-to-date: /home/tom/rslidar_ws/install/rslidar_msg/include/rslidar_msg/msg
[11.827s] -- Installing: /home/tom/rslidar_ws/install/rslidar_msg/include/rslidar_msg/msg/rslidar_scan__type_support.cpp
[11.827s] -- Installing: /home/tom/rslidar_ws/install/rslidar_msg/include/rslidar_msg/msg/rslidar_packet__rosidl_typesupport_introspection_cpp.hpp
[11.827s] -- Installing: /home/tom/rslidar_ws/install/rslidar_msg/include/rslidar_msg/msg/rslidar_scan__rosidl_typesupport_introspection_cpp.hpp
[11.827s] -- Installing: /home/tom/rslidar_ws/install/rslidar_msg/include/rslidar_msg/msg/rslidar_packet__type_support.cpp
[11.827s] -- Installing: /home/tom/rslidar_ws/install/rslidar_msg/lib/librslidar_msg__rosidl_typesupport_introspection_cpp.so
[11.827s] -- Set runtime path of "/home/tom/rslidar_ws/install/rslidar_msg/lib/librslidar_msg__rosidl_typesupport_introspection_cpp.so" to ""
[11.827s] -- Up-to-date: /home/tom/rslidar_ws/install/rslidar_msg/include/rslidar_msg
[11.827s] -- Up-to-date: /home/tom/rslidar_ws/install/rslidar_msg/include/rslidar_msg/msg
[11.827s] -- Installing: /home/tom/rslidar_ws/install/rslidar_msg/include/rslidar_msg/msg/rslidar_packet__rosidl_typesupport_fastrtps_c.h
[11.827s] -- Installing: /home/tom/rslidar_ws/install/rslidar_msg/include/rslidar_msg/msg/rosidl_typesupport_fastrtps_c__visibility_control.h
[11.827s] -- Installing: /home/tom/rslidar_ws/install/rslidar_msg/include/rslidar_msg/msg/rslidar_scan__rosidl_typesupport_fastrtps_c.h
[11.828s] -- Installing: /home/tom/rslidar_ws/install/rslidar_msg/lib/librslidar_msg__rosidl_typesupport_fastrtps_c.so
[11.828s] -- Set runtime path of "/home/tom/rslidar_ws/install/rslidar_msg/lib/librslidar_msg__rosidl_typesupport_fastrtps_c.so" to ""
[11.828s] -- Up-to-date: /home/tom/rslidar_ws/install/rslidar_msg/include/rslidar_msg
[11.828s] -- Up-to-date: /home/tom/rslidar_ws/install/rslidar_msg/include/rslidar_msg/msg
[11.828s] -- Installing: /home/tom/rslidar_ws/install/rslidar_msg/include/rslidar_msg/msg/rslidar_scan__rosidl_typesupport_fastrtps_cpp.hpp
[11.828s] -- Installing: /home/tom/rslidar_ws/install/rslidar_msg/include/rslidar_msg/msg/dds_fastrtps
[11.828s] -- Installing: /home/tom/rslidar_ws/install/rslidar_msg/include/rslidar_msg/msg/rosidl_typesupport_fastrtps_cpp__visibility_control.h
[11.828s] -- Installing: /home/tom/rslidar_ws/install/rslidar_msg/include/rslidar_msg/msg/rslidar_packet__rosidl_typesupport_fastrtps_cpp.hpp
[11.828s] -- Installing: /home/tom/rslidar_ws/install/rslidar_msg/lib/librslidar_msg__rosidl_typesupport_fastrtps_cpp.so
[11.829s] -- Set runtime path of "/home/tom/rslidar_ws/install/rslidar_msg/lib/librslidar_msg__rosidl_typesupport_fastrtps_cpp.so" to ""
[11.829s] -- Installing: /home/tom/rslidar_ws/install/rslidar_msg/share/rslidar_msg/environment/pythonpath.sh
[11.829s] -- Installing: /home/tom/rslidar_ws/install/rslidar_msg/share/rslidar_msg/environment/pythonpath.dsv
[11.829s] -- Installing: /home/tom/rslidar_ws/install/rslidar_msg/lib/python3.6/site-packages/rslidar_msg/__init__.py
[11.870s] Compiling '/home/tom/rslidar_ws/install/rslidar_msg/lib/python3.6/site-packages/rslidar_msg/__init__.py'...
[11.873s] -- Installing: /home/tom/rslidar_ws/install/rslidar_msg/lib/python3.6/site-packages/rslidar_msg/msg
[11.874s] -- Installing: /home/tom/rslidar_ws/install/rslidar_msg/lib/python3.6/site-packages/rslidar_msg/msg/_rslidar_packet_s.c
[11.874s] -- Installing: /home/tom/rslidar_ws/install/rslidar_msg/lib/python3.6/site-packages/rslidar_msg/msg/__init__.py
[11.874s] -- Installing: /home/tom/rslidar_ws/install/rslidar_msg/lib/python3.6/site-packages/rslidar_msg/msg/_rslidar_scan.py
[11.874s] -- Installing: /home/tom/rslidar_ws/install/rslidar_msg/lib/python3.6/site-packages/rslidar_msg/msg/_rslidar_packet.py
[11.874s] -- Installing: /home/tom/rslidar_ws/install/rslidar_msg/lib/python3.6/site-packages/rslidar_msg/msg/_rslidar_scan_s.c
[11.874s] -- Installing: /home/tom/rslidar_ws/install/rslidar_msg/lib/python3.6/site-packages/rslidar_msg/rslidar_msg_s__rosidl_typesupport_c.cpython-36m-x86_64-linux-gnu.so
[11.874s] -- Set runtime path of "/home/tom/rslidar_ws/install/rslidar_msg/lib/python3.6/site-packages/rslidar_msg/rslidar_msg_s__rosidl_typesupport_c.cpython-36m-x86_64-linux-gnu.so" to ""
[11.874s] -- Installing: /home/tom/rslidar_ws/install/rslidar_msg/lib/python3.6/site-packages/rslidar_msg/rslidar_msg_s__rosidl_typesupport_fastrtps_c.cpython-36m-x86_64-linux-gnu.so
[11.875s] -- Set runtime path of "/home/tom/rslidar_ws/install/rslidar_msg/lib/python3.6/site-packages/rslidar_msg/rslidar_msg_s__rosidl_typesupport_fastrtps_c.cpython-36m-x86_64-linux-gnu.so" to ""
[11.875s] -- Installing: /home/tom/rslidar_ws/install/rslidar_msg/lib/librslidar_msg__python.so
[11.875s] -- Set runtime path of "/home/tom/rslidar_ws/install/rslidar_msg/lib/librslidar_msg__python.so" to ""
[11.875s] -- Installing: /home/tom/rslidar_ws/install/rslidar_msg/share/rslidar_msg/msg/RslidarPacket.idl
[11.876s] -- Installing: /home/tom/rslidar_ws/install/rslidar_msg/share/rslidar_msg/msg/RslidarScan.idl
[11.876s] -- Installing: /home/tom/rslidar_ws/install/rslidar_msg/share/rslidar_msg/msg/RslidarPacket.msg
[11.876s] -- Installing: /home/tom/rslidar_ws/install/rslidar_msg/share/rslidar_msg/msg/RslidarScan.msg
[11.876s] -- Installing: /home/tom/rslidar_ws/install/rslidar_msg/share/ament_index/resource_index/package_run_dependencies/rslidar_msg
[11.876s] -- Installing: /home/tom/rslidar_ws/install/rslidar_msg/share/ament_index/resource_index/parent_prefix_path/rslidar_msg
[11.876s] -- Installing: /home/tom/rslidar_ws/install/rslidar_msg/share/rslidar_msg/environment/ament_prefix_path.sh
[11.876s] -- Installing: /home/tom/rslidar_ws/install/rslidar_msg/share/rslidar_msg/environment/ament_prefix_path.dsv
[11.876s] -- Installing: /home/tom/rslidar_ws/install/rslidar_msg/share/rslidar_msg/environment/path.sh
[11.876s] -- Installing: /home/tom/rslidar_ws/install/rslidar_msg/share/rslidar_msg/environment/path.dsv
[11.876s] -- Installing: /home/tom/rslidar_ws/install/rslidar_msg/share/rslidar_msg/local_setup.bash
[11.876s] -- Installing: /home/tom/rslidar_ws/install/rslidar_msg/share/rslidar_msg/local_setup.sh
[11.876s] -- Installing: /home/tom/rslidar_ws/install/rslidar_msg/share/rslidar_msg/local_setup.zsh
[11.877s] -- Installing: /home/tom/rslidar_ws/install/rslidar_msg/share/rslidar_msg/local_setup.dsv
[11.877s] -- Installing: /home/tom/rslidar_ws/install/rslidar_msg/share/rslidar_msg/package.dsv
[11.877s] -- Installing: /home/tom/rslidar_ws/install/rslidar_msg/share/ament_index/resource_index/packages/rslidar_msg
[11.877s] -- Installing: /home/tom/rslidar_ws/install/rslidar_msg/share/rslidar_msg/cmake/rosidl_cmake-extras.cmake
[11.877s] -- Installing: /home/tom/rslidar_ws/install/rslidar_msg/share/rslidar_msg/cmake/ament_cmake_export_dependencies-extras.cmake
[11.877s] -- Installing: /home/tom/rslidar_ws/install/rslidar_msg/share/rslidar_msg/cmake/ament_cmake_export_include_directories-extras.cmake
[11.877s] -- Installing: /home/tom/rslidar_ws/install/rslidar_msg/share/rslidar_msg/cmake/ament_cmake_export_libraries-extras.cmake
[11.877s] -- Installing: /home/tom/rslidar_ws/install/rslidar_msg/share/rslidar_msg/cmake/rslidar_msgConfig.cmake
[11.877s] -- Installing: /home/tom/rslidar_ws/install/rslidar_msg/share/rslidar_msg/cmake/rslidar_msgConfig-version.cmake
[11.877s] -- Installing: /home/tom/rslidar_ws/install/rslidar_msg/share/rslidar_msg/package.xml
[11.879s] Invoked command in '/home/tom/rslidar_ws/build/rslidar_msg' returned '0': CMAKE_PREFIX_PATH=/opt/ros/eloquent /usr/local/bin/cmake --install /home/tom/rslidar_ws/build/rslidar_msg
