[  2%] Built target rslidar_msg__cpp
[ 13%] Built target rslidar_msg__rosidl_generator_c
[ 35%] Built target rslidar_msg__rosidl_typesupport_introspection_cpp
[ 35%] Built target rslidar_msg__rosidl_typesupport_fastrtps_cpp
[ 45%] Built target rslidar_msg__rosidl_typesupport_introspection_c
[ 67%] Built target rslidar_msg__rosidl_typesupport_cpp
[ 67%] Built target rslidar_msg__rosidl_typesupport_fastrtps_c
[ 78%] Built target rslidar_msg__rosidl_typesupport_c
[ 78%] Built target rslidar_msg
[ 81%] Built target rslidar_msg__py
[ 89%] Built target rslidar_msg__python
[ 97%] Built target rslidar_msg__rosidl_typesupport_c__pyext
[100%] Built target rslidar_msg__rosidl_typesupport_fastrtps_c__pyext
-- Install configuration: ""
-- Up-to-date: /home/tom/rslidar_ws/install/rslidar_msg/share/ament_index/resource_index/rosidl_interfaces/rslidar_msg
-- Up-to-date: /home/tom/rslidar_ws/install/rslidar_msg/include/rslidar_msg
-- Up-to-date: /home/tom/rslidar_ws/install/rslidar_msg/include/rslidar_msg/msg
-- Up-to-date: /home/tom/rslidar_ws/install/rslidar_msg/include/rslidar_msg/msg/rslidar_packet__struct.hpp
-- Up-to-date: /home/tom/rslidar_ws/install/rslidar_msg/include/rslidar_msg/msg/rslidar_packet__traits.hpp
-- Up-to-date: /home/tom/rslidar_ws/install/rslidar_msg/include/rslidar_msg/msg/rslidar_scan__struct.hpp
-- Up-to-date: /home/tom/rslidar_ws/install/rslidar_msg/include/rslidar_msg/msg/rslidar_scan__traits.hpp
-- Up-to-date: /home/tom/rslidar_ws/install/rslidar_msg/include/rslidar_msg/msg/rslidar_packet.hpp
-- Up-to-date: /home/tom/rslidar_ws/install/rslidar_msg/include/rslidar_msg/msg/rslidar_scan.hpp
-- Up-to-date: /home/tom/rslidar_ws/install/rslidar_msg/include/rslidar_msg
-- Up-to-date: /home/tom/rslidar_ws/install/rslidar_msg/include/rslidar_msg/msg
-- Up-to-date: /home/tom/rslidar_ws/install/rslidar_msg/include/rslidar_msg/msg/rslidar_packet__type_support.h
-- Up-to-date: /home/tom/rslidar_ws/install/rslidar_msg/include/rslidar_msg/msg/rslidar_scan__functions.h
-- Up-to-date: /home/tom/rslidar_ws/install/rslidar_msg/include/rslidar_msg/msg/rslidar_scan__struct.h
-- Up-to-date: /home/tom/rslidar_ws/install/rslidar_msg/include/rslidar_msg/msg/rslidar_packet__functions.c
-- Up-to-date: /home/tom/rslidar_ws/install/rslidar_msg/include/rslidar_msg/msg/rslidar_scan__functions.c
-- Up-to-date: /home/tom/rslidar_ws/install/rslidar_msg/include/rslidar_msg/msg/rslidar_packet.h
-- Up-to-date: /home/tom/rslidar_ws/install/rslidar_msg/include/rslidar_msg/msg/rslidar_scan__type_support.h
-- Up-to-date: /home/tom/rslidar_ws/install/rslidar_msg/include/rslidar_msg/msg/rslidar_packet__struct.h
-- Up-to-date: /home/tom/rslidar_ws/install/rslidar_msg/include/rslidar_msg/msg/rslidar_scan.h
-- Up-to-date: /home/tom/rslidar_ws/install/rslidar_msg/include/rslidar_msg/msg/rslidar_packet__functions.h
-- Up-to-date: /home/tom/rslidar_ws/install/rslidar_msg/include/rslidar_msg/msg/rosidl_generator_c__visibility_control.h
-- Up-to-date: /home/tom/rslidar_ws/install/rslidar_msg/share/rslidar_msg/environment/library_path.sh
-- Up-to-date: /home/tom/rslidar_ws/install/rslidar_msg/share/rslidar_msg/environment/library_path.dsv
-- Up-to-date: /home/tom/rslidar_ws/install/rslidar_msg/lib/librslidar_msg__rosidl_generator_c.so
-- Up-to-date: /home/tom/rslidar_ws/install/rslidar_msg/lib/librslidar_msg__rosidl_typesupport_c.so
-- Up-to-date: /home/tom/rslidar_ws/install/rslidar_msg/lib/librslidar_msg__rosidl_typesupport_cpp.so
-- Up-to-date: /home/tom/rslidar_ws/install/rslidar_msg/include/rslidar_msg
-- Up-to-date: /home/tom/rslidar_ws/install/rslidar_msg/include/rslidar_msg/msg
-- Up-to-date: /home/tom/rslidar_ws/install/rslidar_msg/include/rslidar_msg/msg/rslidar_packet__type_support.c
-- Up-to-date: /home/tom/rslidar_ws/install/rslidar_msg/include/rslidar_msg/msg/rslidar_packet__rosidl_typesupport_introspection_c.h
-- Up-to-date: /home/tom/rslidar_ws/install/rslidar_msg/include/rslidar_msg/msg/rosidl_typesupport_introspection_c__visibility_control.h
-- Up-to-date: /home/tom/rslidar_ws/install/rslidar_msg/include/rslidar_msg/msg/rslidar_scan__type_support.c
-- Up-to-date: /home/tom/rslidar_ws/install/rslidar_msg/include/rslidar_msg/msg/rslidar_scan__rosidl_typesupport_introspection_c.h
-- Up-to-date: /home/tom/rslidar_ws/install/rslidar_msg/lib/librslidar_msg__rosidl_typesupport_introspection_c.so
-- Up-to-date: /home/tom/rslidar_ws/install/rslidar_msg/include/rslidar_msg
-- Up-to-date: /home/tom/rslidar_ws/install/rslidar_msg/include/rslidar_msg/msg
-- Up-to-date: /home/tom/rslidar_ws/install/rslidar_msg/include/rslidar_msg/msg/rslidar_scan__type_support.cpp
-- Up-to-date: /home/tom/rslidar_ws/install/rslidar_msg/include/rslidar_msg/msg/rslidar_packet__rosidl_typesupport_introspection_cpp.hpp
-- Up-to-date: /home/tom/rslidar_ws/install/rslidar_msg/include/rslidar_msg/msg/rslidar_scan__rosidl_typesupport_introspection_cpp.hpp
-- Up-to-date: /home/tom/rslidar_ws/install/rslidar_msg/include/rslidar_msg/msg/rslidar_packet__type_support.cpp
-- Up-to-date: /home/tom/rslidar_ws/install/rslidar_msg/lib/librslidar_msg__rosidl_typesupport_introspection_cpp.so
-- Up-to-date: /home/tom/rslidar_ws/install/rslidar_msg/include/rslidar_msg
-- Up-to-date: /home/tom/rslidar_ws/install/rslidar_msg/include/rslidar_msg/msg
-- Up-to-date: /home/tom/rslidar_ws/install/rslidar_msg/include/rslidar_msg/msg/rslidar_packet__rosidl_typesupport_fastrtps_c.h
-- Up-to-date: /home/tom/rslidar_ws/install/rslidar_msg/include/rslidar_msg/msg/rosidl_typesupport_fastrtps_c__visibility_control.h
-- Up-to-date: /home/tom/rslidar_ws/install/rslidar_msg/include/rslidar_msg/msg/rslidar_scan__rosidl_typesupport_fastrtps_c.h
-- Up-to-date: /home/tom/rslidar_ws/install/rslidar_msg/lib/librslidar_msg__rosidl_typesupport_fastrtps_c.so
-- Up-to-date: /home/tom/rslidar_ws/install/rslidar_msg/include/rslidar_msg
-- Up-to-date: /home/tom/rslidar_ws/install/rslidar_msg/include/rslidar_msg/msg
-- Up-to-date: /home/tom/rslidar_ws/install/rslidar_msg/include/rslidar_msg/msg/rslidar_scan__rosidl_typesupport_fastrtps_cpp.hpp
-- Up-to-date: /home/tom/rslidar_ws/install/rslidar_msg/include/rslidar_msg/msg/dds_fastrtps
-- Up-to-date: /home/tom/rslidar_ws/install/rslidar_msg/include/rslidar_msg/msg/rosidl_typesupport_fastrtps_cpp__visibility_control.h
-- Up-to-date: /home/tom/rslidar_ws/install/rslidar_msg/include/rslidar_msg/msg/rslidar_packet__rosidl_typesupport_fastrtps_cpp.hpp
-- Up-to-date: /home/tom/rslidar_ws/install/rslidar_msg/lib/librslidar_msg__rosidl_typesupport_fastrtps_cpp.so
-- Up-to-date: /home/tom/rslidar_ws/install/rslidar_msg/share/rslidar_msg/environment/pythonpath.sh
-- Up-to-date: /home/tom/rslidar_ws/install/rslidar_msg/share/rslidar_msg/environment/pythonpath.dsv
-- Up-to-date: /home/tom/rslidar_ws/install/rslidar_msg/lib/python3.6/site-packages/rslidar_msg/__init__.py
-- Up-to-date: /home/tom/rslidar_ws/install/rslidar_msg/lib/python3.6/site-packages/rslidar_msg/msg
-- Up-to-date: /home/tom/rslidar_ws/install/rslidar_msg/lib/python3.6/site-packages/rslidar_msg/msg/_rslidar_packet_s.c
-- Up-to-date: /home/tom/rslidar_ws/install/rslidar_msg/lib/python3.6/site-packages/rslidar_msg/msg/__init__.py
-- Up-to-date: /home/tom/rslidar_ws/install/rslidar_msg/lib/python3.6/site-packages/rslidar_msg/msg/_rslidar_scan.py
-- Up-to-date: /home/tom/rslidar_ws/install/rslidar_msg/lib/python3.6/site-packages/rslidar_msg/msg/_rslidar_packet.py
-- Up-to-date: /home/tom/rslidar_ws/install/rslidar_msg/lib/python3.6/site-packages/rslidar_msg/msg/_rslidar_scan_s.c
-- Up-to-date: /home/tom/rslidar_ws/install/rslidar_msg/lib/python3.6/site-packages/rslidar_msg/rslidar_msg_s__rosidl_typesupport_c.cpython-36m-x86_64-linux-gnu.so
-- Up-to-date: /home/tom/rslidar_ws/install/rslidar_msg/lib/python3.6/site-packages/rslidar_msg/rslidar_msg_s__rosidl_typesupport_fastrtps_c.cpython-36m-x86_64-linux-gnu.so
-- Up-to-date: /home/tom/rslidar_ws/install/rslidar_msg/lib/librslidar_msg__python.so
-- Up-to-date: /home/tom/rslidar_ws/install/rslidar_msg/share/rslidar_msg/msg/RslidarPacket.idl
-- Up-to-date: /home/tom/rslidar_ws/install/rslidar_msg/share/rslidar_msg/msg/RslidarScan.idl
-- Up-to-date: /home/tom/rslidar_ws/install/rslidar_msg/share/rslidar_msg/msg/RslidarPacket.msg
-- Up-to-date: /home/tom/rslidar_ws/install/rslidar_msg/share/rslidar_msg/msg/RslidarScan.msg
-- Up-to-date: /home/tom/rslidar_ws/install/rslidar_msg/share/ament_index/resource_index/package_run_dependencies/rslidar_msg
-- Up-to-date: /home/tom/rslidar_ws/install/rslidar_msg/share/ament_index/resource_index/parent_prefix_path/rslidar_msg
-- Up-to-date: /home/tom/rslidar_ws/install/rslidar_msg/share/rslidar_msg/environment/ament_prefix_path.sh
-- Up-to-date: /home/tom/rslidar_ws/install/rslidar_msg/share/rslidar_msg/environment/ament_prefix_path.dsv
-- Up-to-date: /home/tom/rslidar_ws/install/rslidar_msg/share/rslidar_msg/environment/path.sh
-- Up-to-date: /home/tom/rslidar_ws/install/rslidar_msg/share/rslidar_msg/environment/path.dsv
-- Up-to-date: /home/tom/rslidar_ws/install/rslidar_msg/share/rslidar_msg/local_setup.bash
-- Up-to-date: /home/tom/rslidar_ws/install/rslidar_msg/share/rslidar_msg/local_setup.sh
-- Up-to-date: /home/tom/rslidar_ws/install/rslidar_msg/share/rslidar_msg/local_setup.zsh
-- Up-to-date: /home/tom/rslidar_ws/install/rslidar_msg/share/rslidar_msg/local_setup.dsv
-- Installing: /home/tom/rslidar_ws/install/rslidar_msg/share/rslidar_msg/package.dsv
-- Up-to-date: /home/tom/rslidar_ws/install/rslidar_msg/share/ament_index/resource_index/packages/rslidar_msg
-- Up-to-date: /home/tom/rslidar_ws/install/rslidar_msg/share/rslidar_msg/cmake/rosidl_cmake-extras.cmake
-- Up-to-date: /home/tom/rslidar_ws/install/rslidar_msg/share/rslidar_msg/cmake/ament_cmake_export_dependencies-extras.cmake
-- Up-to-date: /home/tom/rslidar_ws/install/rslidar_msg/share/rslidar_msg/cmake/ament_cmake_export_include_directories-extras.cmake
-- Up-to-date: /home/tom/rslidar_ws/install/rslidar_msg/share/rslidar_msg/cmake/ament_cmake_export_libraries-extras.cmake
-- Up-to-date: /home/tom/rslidar_ws/install/rslidar_msg/share/rslidar_msg/cmake/rslidar_msgConfig.cmake
-- Up-to-date: /home/tom/rslidar_ws/install/rslidar_msg/share/rslidar_msg/cmake/rslidar_msgConfig-version.cmake
-- Up-to-date: /home/tom/rslidar_ws/install/rslidar_msg/share/rslidar_msg/package.xml
