[0.010s] Invoking command in '/home/tom/rslidar_ws/build/rslidar_msg': CMAKE_PREFIX_PATH=/opt/ros/eloquent /usr/local/bin/cmake --build /home/tom/rslidar_ws/build/rslidar_msg -- -j12 -l12
[0.032s] [  2%] Built target rslidar_msg__cpp
[0.032s] [ 13%] Built target rslidar_msg__rosidl_generator_c
[0.041s] [ 35%] Built target rslidar_msg__rosidl_typesupport_introspection_cpp
[0.041s] [ 35%] Built target rslidar_msg__rosidl_typesupport_fastrtps_cpp
[0.041s] [ 45%] Built target rslidar_msg__rosidl_typesupport_introspection_c
[0.052s] [ 67%] Built target rslidar_msg__rosidl_typesupport_cpp
[0.052s] [ 67%] Built target rslidar_msg__rosidl_typesupport_fastrtps_c
[0.061s] [ 78%] Built target rslidar_msg__rosidl_typesupport_c
[0.068s] [ 78%] Built target rslidar_msg
[0.075s] [ 81%] Built target rslidar_msg__py
[0.084s] [ 89%] Built target rslidar_msg__python
[0.094s] [ 97%] Built target rslidar_msg__rosidl_typesupport_c__pyext
[0.094s] [100%] Built target rslidar_msg__rosidl_typesupport_fastrtps_c__pyext
[0.098s] Invoked command in '/home/tom/rslidar_ws/build/rslidar_msg' returned '0': CMAKE_PREFIX_PATH=/opt/ros/eloquent /usr/local/bin/cmake --build /home/tom/rslidar_ws/build/rslidar_msg -- -j12 -l12
[0.236s] Invoking command in '/home/tom/rslidar_ws/build/rslidar_msg': CMAKE_PREFIX_PATH=/opt/ros/eloquent /usr/local/bin/cmake --install /home/tom/rslidar_ws/build/rslidar_msg
[0.241s] -- Install configuration: ""
[0.241s] -- Up-to-date: /home/tom/rslidar_ws/install/rslidar_msg/share/ament_index/resource_index/rosidl_interfaces/rslidar_msg
[0.242s] -- Up-to-date: /home/tom/rslidar_ws/install/rslidar_msg/include/rslidar_msg
[0.242s] -- Up-to-date: /home/tom/rslidar_ws/install/rslidar_msg/include/rslidar_msg/msg
[0.242s] -- Up-to-date: /home/tom/rslidar_ws/install/rslidar_msg/include/rslidar_msg/msg/rslidar_packet__struct.hpp
[0.243s] -- Up-to-date: /home/tom/rslidar_ws/install/rslidar_msg/include/rslidar_msg/msg/rslidar_packet__traits.hpp
[0.243s] -- Up-to-date: /home/tom/rslidar_ws/install/rslidar_msg/include/rslidar_msg/msg/rslidar_scan__struct.hpp
[0.243s] -- Up-to-date: /home/tom/rslidar_ws/install/rslidar_msg/include/rslidar_msg/msg/rslidar_scan__traits.hpp
[0.243s] -- Up-to-date: /home/tom/rslidar_ws/install/rslidar_msg/include/rslidar_msg/msg/rslidar_packet.hpp
[0.243s] -- Up-to-date: /home/tom/rslidar_ws/install/rslidar_msg/include/rslidar_msg/msg/rslidar_scan.hpp
[0.243s] -- Up-to-date: /home/tom/rslidar_ws/install/rslidar_msg/include/rslidar_msg
[0.244s] -- Up-to-date: /home/tom/rslidar_ws/install/rslidar_msg/include/rslidar_msg/msg
[0.244s] -- Up-to-date: /home/tom/rslidar_ws/install/rslidar_msg/include/rslidar_msg/msg/rslidar_packet__type_support.h
[0.244s] -- Up-to-date: /home/tom/rslidar_ws/install/rslidar_msg/include/rslidar_msg/msg/rslidar_scan__functions.h
[0.244s] -- Up-to-date: /home/tom/rslidar_ws/install/rslidar_msg/include/rslidar_msg/msg/rslidar_scan__struct.h
[0.244s] -- Up-to-date: /home/tom/rslidar_ws/install/rslidar_msg/include/rslidar_msg/msg/rslidar_packet__functions.c
[0.244s] -- Up-to-date: /home/tom/rslidar_ws/install/rslidar_msg/include/rslidar_msg/msg/rslidar_scan__functions.c
[0.244s] -- Up-to-date: /home/tom/rslidar_ws/install/rslidar_msg/include/rslidar_msg/msg/rslidar_packet.h
[0.245s] -- Up-to-date: /home/tom/rslidar_ws/install/rslidar_msg/include/rslidar_msg/msg/rslidar_scan__type_support.h
[0.245s] -- Up-to-date: /home/tom/rslidar_ws/install/rslidar_msg/include/rslidar_msg/msg/rslidar_packet__struct.h
[0.245s] -- Up-to-date: /home/tom/rslidar_ws/install/rslidar_msg/include/rslidar_msg/msg/rslidar_scan.h
[0.245s] -- Up-to-date: /home/tom/rslidar_ws/install/rslidar_msg/include/rslidar_msg/msg/rslidar_packet__functions.h
[0.245s] -- Up-to-date: /home/tom/rslidar_ws/install/rslidar_msg/include/rslidar_msg/msg/rosidl_generator_c__visibility_control.h
[0.246s] -- Up-to-date: /home/tom/rslidar_ws/install/rslidar_msg/share/rslidar_msg/environment/library_path.sh
[0.246s] -- Up-to-date: /home/tom/rslidar_ws/install/rslidar_msg/share/rslidar_msg/environment/library_path.dsv
[0.246s] -- Up-to-date: /home/tom/rslidar_ws/install/rslidar_msg/lib/librslidar_msg__rosidl_generator_c.so
[0.246s] -- Up-to-date: /home/tom/rslidar_ws/install/rslidar_msg/lib/librslidar_msg__rosidl_typesupport_c.so
[0.246s] -- Up-to-date: /home/tom/rslidar_ws/install/rslidar_msg/lib/librslidar_msg__rosidl_typesupport_cpp.so
[0.246s] -- Up-to-date: /home/tom/rslidar_ws/install/rslidar_msg/include/rslidar_msg
[0.247s] -- Up-to-date: /home/tom/rslidar_ws/install/rslidar_msg/include/rslidar_msg/msg
[0.247s] -- Up-to-date: /home/tom/rslidar_ws/install/rslidar_msg/include/rslidar_msg/msg/rslidar_packet__type_support.c
[0.247s] -- Up-to-date: /home/tom/rslidar_ws/install/rslidar_msg/include/rslidar_msg/msg/rslidar_packet__rosidl_typesupport_introspection_c.h
[0.247s] -- Up-to-date: /home/tom/rslidar_ws/install/rslidar_msg/include/rslidar_msg/msg/rosidl_typesupport_introspection_c__visibility_control.h
[0.247s] -- Up-to-date: /home/tom/rslidar_ws/install/rslidar_msg/include/rslidar_msg/msg/rslidar_scan__type_support.c
[0.247s] -- Up-to-date: /home/tom/rslidar_ws/install/rslidar_msg/include/rslidar_msg/msg/rslidar_scan__rosidl_typesupport_introspection_c.h
[0.248s] -- Up-to-date: /home/tom/rslidar_ws/install/rslidar_msg/lib/librslidar_msg__rosidl_typesupport_introspection_c.so
[0.248s] -- Up-to-date: /home/tom/rslidar_ws/install/rslidar_msg/include/rslidar_msg
[0.248s] -- Up-to-date: /home/tom/rslidar_ws/install/rslidar_msg/include/rslidar_msg/msg
[0.248s] -- Up-to-date: /home/tom/rslidar_ws/install/rslidar_msg/include/rslidar_msg/msg/rslidar_scan__type_support.cpp
[0.248s] -- Up-to-date: /home/tom/rslidar_ws/install/rslidar_msg/include/rslidar_msg/msg/rslidar_packet__rosidl_typesupport_introspection_cpp.hpp
[0.248s] -- Up-to-date: /home/tom/rslidar_ws/install/rslidar_msg/include/rslidar_msg/msg/rslidar_scan__rosidl_typesupport_introspection_cpp.hpp
[0.248s] -- Up-to-date: /home/tom/rslidar_ws/install/rslidar_msg/include/rslidar_msg/msg/rslidar_packet__type_support.cpp
[0.249s] -- Up-to-date: /home/tom/rslidar_ws/install/rslidar_msg/lib/librslidar_msg__rosidl_typesupport_introspection_cpp.so
[0.249s] -- Up-to-date: /home/tom/rslidar_ws/install/rslidar_msg/include/rslidar_msg
[0.249s] -- Up-to-date: /home/tom/rslidar_ws/install/rslidar_msg/include/rslidar_msg/msg
[0.249s] -- Up-to-date: /home/tom/rslidar_ws/install/rslidar_msg/include/rslidar_msg/msg/rslidar_packet__rosidl_typesupport_fastrtps_c.h
[0.249s] -- Up-to-date: /home/tom/rslidar_ws/install/rslidar_msg/include/rslidar_msg/msg/rosidl_typesupport_fastrtps_c__visibility_control.h
[0.249s] -- Up-to-date: /home/tom/rslidar_ws/install/rslidar_msg/include/rslidar_msg/msg/rslidar_scan__rosidl_typesupport_fastrtps_c.h
[0.250s] -- Up-to-date: /home/tom/rslidar_ws/install/rslidar_msg/lib/librslidar_msg__rosidl_typesupport_fastrtps_c.so
[0.250s] -- Up-to-date: /home/tom/rslidar_ws/install/rslidar_msg/include/rslidar_msg
[0.250s] -- Up-to-date: /home/tom/rslidar_ws/install/rslidar_msg/include/rslidar_msg/msg
[0.250s] -- Up-to-date: /home/tom/rslidar_ws/install/rslidar_msg/include/rslidar_msg/msg/rslidar_scan__rosidl_typesupport_fastrtps_cpp.hpp
[0.250s] -- Up-to-date: /home/tom/rslidar_ws/install/rslidar_msg/include/rslidar_msg/msg/dds_fastrtps
[0.250s] -- Up-to-date: /home/tom/rslidar_ws/install/rslidar_msg/include/rslidar_msg/msg/rosidl_typesupport_fastrtps_cpp__visibility_control.h
[0.250s] -- Up-to-date: /home/tom/rslidar_ws/install/rslidar_msg/include/rslidar_msg/msg/rslidar_packet__rosidl_typesupport_fastrtps_cpp.hpp
[0.251s] -- Up-to-date: /home/tom/rslidar_ws/install/rslidar_msg/lib/librslidar_msg__rosidl_typesupport_fastrtps_cpp.so
[0.251s] -- Up-to-date: /home/tom/rslidar_ws/install/rslidar_msg/share/rslidar_msg/environment/pythonpath.sh
[0.251s] -- Up-to-date: /home/tom/rslidar_ws/install/rslidar_msg/share/rslidar_msg/environment/pythonpath.dsv
[0.251s] -- Up-to-date: /home/tom/rslidar_ws/install/rslidar_msg/lib/python3.6/site-packages/rslidar_msg/__init__.py
[0.298s] -- Up-to-date: /home/tom/rslidar_ws/install/rslidar_msg/lib/python3.6/site-packages/rslidar_msg/msg
[0.298s] -- Up-to-date: /home/tom/rslidar_ws/install/rslidar_msg/lib/python3.6/site-packages/rslidar_msg/msg/_rslidar_packet_s.c
[0.298s] -- Up-to-date: /home/tom/rslidar_ws/install/rslidar_msg/lib/python3.6/site-packages/rslidar_msg/msg/__init__.py
[0.298s] -- Up-to-date: /home/tom/rslidar_ws/install/rslidar_msg/lib/python3.6/site-packages/rslidar_msg/msg/_rslidar_scan.py
[0.298s] -- Up-to-date: /home/tom/rslidar_ws/install/rslidar_msg/lib/python3.6/site-packages/rslidar_msg/msg/_rslidar_packet.py
[0.298s] -- Up-to-date: /home/tom/rslidar_ws/install/rslidar_msg/lib/python3.6/site-packages/rslidar_msg/msg/_rslidar_scan_s.c
[0.298s] -- Up-to-date: /home/tom/rslidar_ws/install/rslidar_msg/lib/python3.6/site-packages/rslidar_msg/rslidar_msg_s__rosidl_typesupport_c.cpython-36m-x86_64-linux-gnu.so
[0.299s] -- Up-to-date: /home/tom/rslidar_ws/install/rslidar_msg/lib/python3.6/site-packages/rslidar_msg/rslidar_msg_s__rosidl_typesupport_fastrtps_c.cpython-36m-x86_64-linux-gnu.so
[0.299s] -- Up-to-date: /home/tom/rslidar_ws/install/rslidar_msg/lib/librslidar_msg__python.so
[0.299s] -- Up-to-date: /home/tom/rslidar_ws/install/rslidar_msg/share/rslidar_msg/msg/RslidarPacket.idl
[0.299s] -- Up-to-date: /home/tom/rslidar_ws/install/rslidar_msg/share/rslidar_msg/msg/RslidarScan.idl
[0.300s] -- Up-to-date: /home/tom/rslidar_ws/install/rslidar_msg/share/rslidar_msg/msg/RslidarPacket.msg
[0.300s] -- Up-to-date: /home/tom/rslidar_ws/install/rslidar_msg/share/rslidar_msg/msg/RslidarScan.msg
[0.300s] -- Up-to-date: /home/tom/rslidar_ws/install/rslidar_msg/share/ament_index/resource_index/package_run_dependencies/rslidar_msg
[0.300s] -- Up-to-date: /home/tom/rslidar_ws/install/rslidar_msg/share/ament_index/resource_index/parent_prefix_path/rslidar_msg
[0.300s] -- Up-to-date: /home/tom/rslidar_ws/install/rslidar_msg/share/rslidar_msg/environment/ament_prefix_path.sh
[0.300s] -- Up-to-date: /home/tom/rslidar_ws/install/rslidar_msg/share/rslidar_msg/environment/ament_prefix_path.dsv
[0.300s] -- Up-to-date: /home/tom/rslidar_ws/install/rslidar_msg/share/rslidar_msg/environment/path.sh
[0.300s] -- Up-to-date: /home/tom/rslidar_ws/install/rslidar_msg/share/rslidar_msg/environment/path.dsv
[0.300s] -- Up-to-date: /home/tom/rslidar_ws/install/rslidar_msg/share/rslidar_msg/local_setup.bash
[0.300s] -- Up-to-date: /home/tom/rslidar_ws/install/rslidar_msg/share/rslidar_msg/local_setup.sh
[0.300s] -- Up-to-date: /home/tom/rslidar_ws/install/rslidar_msg/share/rslidar_msg/local_setup.zsh
[0.300s] -- Up-to-date: /home/tom/rslidar_ws/install/rslidar_msg/share/rslidar_msg/local_setup.dsv
[0.300s] -- Installing: /home/tom/rslidar_ws/install/rslidar_msg/share/rslidar_msg/package.dsv
[0.301s] -- Up-to-date: /home/tom/rslidar_ws/install/rslidar_msg/share/ament_index/resource_index/packages/rslidar_msg
[0.301s] -- Up-to-date: /home/tom/rslidar_ws/install/rslidar_msg/share/rslidar_msg/cmake/rosidl_cmake-extras.cmake
[0.301s] -- Up-to-date: /home/tom/rslidar_ws/install/rslidar_msg/share/rslidar_msg/cmake/ament_cmake_export_dependencies-extras.cmake
[0.301s] -- Up-to-date: /home/tom/rslidar_ws/install/rslidar_msg/share/rslidar_msg/cmake/ament_cmake_export_include_directories-extras.cmake
[0.302s] -- Up-to-date: /home/tom/rslidar_ws/install/rslidar_msg/share/rslidar_msg/cmake/ament_cmake_export_libraries-extras.cmake
[0.302s] -- Up-to-date: /home/tom/rslidar_ws/install/rslidar_msg/share/rslidar_msg/cmake/rslidar_msgConfig.cmake
[0.302s] -- Up-to-date: /home/tom/rslidar_ws/install/rslidar_msg/share/rslidar_msg/cmake/rslidar_msgConfig-version.cmake
[0.303s] -- Up-to-date: /home/tom/rslidar_ws/install/rslidar_msg/share/rslidar_msg/package.xml
[0.303s] Invoked command in '/home/tom/rslidar_ws/build/rslidar_msg' returned '0': CMAKE_PREFIX_PATH=/opt/ros/eloquent /usr/local/bin/cmake --install /home/tom/rslidar_ws/build/rslidar_msg
